info: ::1 - - [25/Nov/2022:06:34:19 +0000] "POST /api/v1/users/signIn HTTP/1.1" 200 332 "-" "PostmanRuntime/7.29.2"

info: ::1 - - [25/Nov/2022:06:34:50 +0000] "GET /api/v1/Books/getallBook HTTP/1.1" 400 40 "-" "PostmanRuntime/7.29.2"

info: ::1 - - [25/Nov/2022:06:35:25 +0000] "GET /api/v1/books/getallBook HTTP/1.1" 400 40 "-" "PostmanRuntime/7.29.2"

info: ::1 - - [25/Nov/2022:06:35:27 +0000] "GET /api/v1/books/getallBook HTTP/1.1" 400 40 "-" "PostmanRuntime/7.29.2"

info: ::1 - - [25/Nov/2022:06:36:43 +0000] "GET /api/v1/books/getallBook HTTP/1.1" 400 40 "-" "PostmanRuntime/7.29.2"

info: ::1 - - [25/Nov/2022:06:37:43 +0000] "GET /api/v1/books/getallBook HTTP/1.1" 200 9419 "-" "PostmanRuntime/7.29.2"

info: ::1 - - [25/Nov/2022:06:38:05 +0000] "GET /api/v1/books/62158a8405253301a4fda5e0 HTTP/1.1" 200 385 "-" "PostmanRuntime/7.29.2"

info: ::1 - - [25/Nov/2022:06:38:42 +0000] "POST /api/v1/carts/62158a8405253301a4fda5e0 HTTP/1.1" 200 2365 "-" "PostmanRuntime/7.29.2"

info: ::1 - - [25/Nov/2022:06:39:42 +0000] "POST /api/v1/carts/getAllCart HTTP/1.1" 400 133 "-" "PostmanRuntime/7.29.2"

info: ::1 - - [25/Nov/2022:06:39:48 +0000] "GET /api/v1/carts/getAllCart HTTP/1.1" 200 2367 "-" "PostmanRuntime/7.29.2"

info: ::1 - - [25/Nov/2022:06:46:43 +0000] "POST /api/v1/customers/createCostumer HTTP/1.1" 400 40 "-" "PostmanRuntime/7.29.2"

info: ::1 - - [25/Nov/2022:06:47:31 +0000] "POST /api/v1/customers/createCostumer HTTP/1.1" 500 60 "-" "PostmanRuntime/7.29.2"

info: ::1 - - [25/Nov/2022:06:47:38 +0000] "POST /api/v1/customers/createCostumer HTTP/1.1" 500 60 "-" "PostmanRuntime/7.29.2"

info: ::1 - - [25/Nov/2022:06:48:01 +0000] "POST /api/v1/customers/createCostumer HTTP/1.1" 500 60 "-" "PostmanRuntime/7.29.2"

info: ::1 - - [25/Nov/2022:06:48:37 +0000] "POST /api/v1/customers/getAllCostumer HTTP/1.1" 404 47 "-" "PostmanRuntime/7.29.2"

info: ::1 - - [25/Nov/2022:06:48:44 +0000] "GET /api/v1/customers/getAllCostumer HTTP/1.1" 200 68 "-" "PostmanRuntime/7.29.2"

info: ::1 - - [25/Nov/2022:06:49:15 +0000] "POST /api/v1/customers/c HTTP/1.1" 404 47 "-" "PostmanRuntime/7.29.2"

info: ::1 - - [25/Nov/2022:06:49:23 +0000] "POST /api/v1/customers/createCostumer HTTP/1.1" 500 60 "-" "PostmanRuntime/7.29.2"

info: ::1 - - [25/Nov/2022:06:52:39 +0000] "POST /api/v1/customers/createCostumer HTTP/1.1" 500 60 "-" "PostmanRuntime/7.29.2"

info: ::1 - - [25/Nov/2022:06:56:02 +0000] "POST /api/v1/customers/createCostumer HTTP/1.1" 500 60 "-" "PostmanRuntime/7.29.2"

info: ::1 - - [25/Nov/2022:06:56:19 +0000] "POST /api/v1/customers/createCostumer HTTP/1.1" 500 60 "-" "PostmanRuntime/7.29.2"

info: ::1 - - [25/Nov/2022:06:56:21 +0000] "POST /api/v1/customers/createCostumer HTTP/1.1" 500 60 "-" "PostmanRuntime/7.29.2"

info: ::1 - - [25/Nov/2022:07:01:18 +0000] "POST /api/v1/customers/createCostumer HTTP/1.1" 200 159 "-" "PostmanRuntime/7.29.2"

info: ::1 - - [25/Nov/2022:07:01:53 +0000] "GET /api/v1/customers/getAllCostumer HTTP/1.1" 200 160 "-" "PostmanRuntime/7.29.2"

info: ::1 - - [25/Nov/2022:07:04:25 +0000] "POST /api/v1/customers/createCostumer HTTP/1.1" 200 159 "-" "PostmanRuntime/7.29.2"

info: ::1 - - [25/Nov/2022:07:04:40 +0000] "POST /api/v1/customers/createCostumer HTTP/1.1" 200 159 "-" "PostmanRuntime/7.29.2"

info: ::1 - - [25/Nov/2022:07:08:57 +0000] "POST /api/v1/customers/createCostumer HTTP/1.1" 200 415 "-" "PostmanRuntime/7.29.2"

info: ::1 - - [25/Nov/2022:07:10:29 +0000] "POST /api/v1/customers/createCostumer HTTP/1.1" 200 415 "-" "PostmanRuntime/7.29.2"

info: ::1 - - [25/Nov/2022:07:10:56 +0000] "GET /api/v1/customers/getAllCostumer HTTP/1.1" 200 416 "-" "PostmanRuntime/7.29.2"

info: ::1 - - [25/Nov/2022:07:11:33 +0000] "POST /api/v1/customers/createCostumer HTTP/1.1" 200 393 "-" "PostmanRuntime/7.29.2"

info: ::1 - - [25/Nov/2022:07:11:38 +0000] "GET /api/v1/customers/getAllCostumer HTTP/1.1" 200 743 "-" "PostmanRuntime/7.29.2"

