info: ::1 - - [07/Nov/2022:03:16:59 +0000] "GET /ws HTTP/1.1" 404 47 "-" "Mozilla/5.0 (Windows NT 10.0; Win64; x64) AppleWebKit/537.36 (KHTML, like Gecko) Chrome/107.0.0.0 Safari/537.36"

info: ::1 - - [07/Nov/2022:03:17:06 +0000] "GET /ws HTTP/1.1" 404 47 "-" "Mozilla/5.0 (Windows NT 10.0; Win64; x64) AppleWebKit/537.36 (KHTML, like Gecko) Chrome/107.0.0.0 Safari/537.36"

info: ::1 - - [07/Nov/2022:03:17:11 +0000] "GET /ws HTTP/1.1" 404 47 "-" "Mozilla/5.0 (Windows NT 10.0; Win64; x64) AppleWebKit/537.36 (KHTML, like Gecko) Chrome/107.0.0.0 Safari/537.36"

info: ::1 - - [07/Nov/2022:03:17:20 +0000] "GET /ws HTTP/1.1" 404 47 "-" "Mozilla/5.0 (Windows NT 10.0; Win64; x64) AppleWebKit/537.36 (KHTML, like Gecko) Chrome/107.0.0.0 Safari/537.36"

info: ::1 - - [07/Nov/2022:03:17:41 +0000] "GET /ws HTTP/1.1" 404 47 "-" "Mozilla/5.0 (Windows NT 10.0; Win64; x64) AppleWebKit/537.36 (KHTML, like Gecko) Chrome/107.0.0.0 Safari/537.36"

info: ::1 - - [07/Nov/2022:03:20:01 +0000] "GET /ws HTTP/1.1" 404 47 "-" "Mozilla/5.0 (Windows NT 10.0; Win64; x64) AppleWebKit/537.36 (KHTML, like Gecko) Chrome/107.0.0.0 Safari/537.36"

info: ::1 - - [07/Nov/2022:03:21:15 +0000] "GET /ws HTTP/1.1" 404 47 "-" "Mozilla/5.0 (Windows NT 10.0; Win64; x64) AppleWebKit/537.36 (KHTML, like Gecko) Chrome/107.0.0.0 Safari/537.36"

info: ::1 - - [07/Nov/2022:03:28:11 +0000] "GET /ws HTTP/1.1" 404 47 "-" "Mozilla/5.0 (Windows NT 10.0; Win64; x64) AppleWebKit/537.36 (KHTML, like Gecko) Chrome/107.0.0.0 Safari/537.36"

info: ::1 - - [07/Nov/2022:03:28:23 +0000] "POST /api/v1/users/signUp HTTP/1.1" 201 357 "-" "PostmanRuntime/7.29.2"

info: ::1 - - [07/Nov/2022:03:28:56 +0000] "POST /api/v1/users/login HTTP/1.1" 404 47 "-" "PostmanRuntime/7.29.2"

info: ::1 - - [07/Nov/2022:03:29:07 +0000] "POST /api/v1/users/logIn HTTP/1.1" 404 47 "-" "PostmanRuntime/7.29.2"

info: ::1 - - [07/Nov/2022:03:29:09 +0000] "POST /api/v1/users/logIn HTTP/1.1" 404 47 "-" "PostmanRuntime/7.29.2"

info: ::1 - - [07/Nov/2022:03:29:34 +0000] "POST /api/v1/users/signIn HTTP/1.1" 200 292 "-" "PostmanRuntime/7.29.2"

info: ::1 - - [07/Nov/2022:03:31:23 +0000] "POST /api/v1/createbook HTTP/1.1" 404 47 "-" "PostmanRuntime/7.29.2"

info: ::1 - - [07/Nov/2022:03:32:21 +0000] "POST /api/v1/books/createbook HTTP/1.1" 201 385 "-" "PostmanRuntime/7.29.2"

info: ::1 - - [07/Nov/2022:03:32:28 +0000] "GET /ws HTTP/1.1" 404 47 "-" "Mozilla/5.0 (Windows NT 10.0; Win64; x64) AppleWebKit/537.36 (KHTML, like Gecko) Chrome/107.0.0.0 Safari/537.36"

info: ::1 - - [07/Nov/2022:03:32:59 +0000] "POST /api/v1/books/createbook HTTP/1.1" 201 372 "-" "PostmanRuntime/7.29.2"

info: ::1 - - [07/Nov/2022:03:35:39 +0000] "POST /api/v1/books/createbook HTTP/1.1" 201 379 "-" "PostmanRuntime/7.29.2"

info: ::1 - - [07/Nov/2022:03:38:34 +0000] "GET /api/v1/Books/getallBook HTTP/1.1" 200 998 "-" "PostmanRuntime/7.29.2"

info: ::1 - - [07/Nov/2022:03:39:03 +0000] "PUT /api/v1/Books/63687c4520e8293f04874bac HTTP/1.1" 202 372 "-" "PostmanRuntime/7.29.2"

info: ::1 - - [07/Nov/2022:03:39:25 +0000] "GET /api/v1/Books/getallBook HTTP/1.1" 200 992 "-" "PostmanRuntime/7.29.2"

info: ::1 - - [07/Nov/2022:03:39:44 +0000] "PUT /api/v1/Books/63687c6b20e8293f04874bae HTTP/1.1" 202 372 "-" "PostmanRuntime/7.29.2"

info: ::1 - - [07/Nov/2022:03:40:20 +0000] "PUT /api/v1/Books/63687c6b20e8293f04874bae HTTP/1.1" 202 374 "-" "PostmanRuntime/7.29.2"

info: ::1 - - [07/Nov/2022:03:40:32 +0000] "GET /api/v1/Books/getallBook HTTP/1.1" 200 1001 "-" "PostmanRuntime/7.29.2"

info: ::1 - - [07/Nov/2022:03:41:01 +0000] "GET /ws HTTP/1.1" 404 47 "-" "Mozilla/5.0 (Windows NT 10.0; Win64; x64) AppleWebKit/537.36 (KHTML, like Gecko) Chrome/107.0.0.0 Safari/537.36"

info: ::ffff:127.0.0.1 - - [07/Nov/2022:03:57:38 +0000] "POST /api/v1/users/register HTTP/1.1" 404 47 "-" "node-superagent/3.8.3"

info: ::ffff:127.0.0.1 - - [07/Nov/2022:03:57:39 +0000] "POST /api/v1/users/login HTTP/1.1" 404 47 "-" "node-superagent/3.8.3"

info: ::1 - - [07/Nov/2022:04:06:46 +0000] "GET /api/v1/users/signUp HTTP/1.1" 404 47 "-" "PostmanRuntime/7.29.2"

info: ::1 - - [07/Nov/2022:04:06:54 +0000] "POST /api/v1/users/signUp HTTP/1.1" 201 357 "-" "PostmanRuntime/7.29.2"

info: ::1 - - [07/Nov/2022:12:53:39 +0000] "GET /api/v1/Books/getallBook HTTP/1.1" 200 9419 "-" "PostmanRuntime/7.29.2"

info: ::1 - - [07/Nov/2022:13:23:16 +0000] "GET /api/v1/carts/6215178d05253301a4fda5c4 HTTP/1.1" 404 47 "-" "PostmanRuntime/7.29.2"

info: ::1 - - [07/Nov/2022:13:23:22 +0000] "POST /api/v1/carts/6215178d05253301a4fda5c4 HTTP/1.1" 400 58 "-" "PostmanRuntime/7.29.2"

info: ::1 - - [07/Nov/2022:13:23:24 +0000] "POST /api/v1/carts/6215178d05253301a4fda5c4 HTTP/1.1" 400 58 "-" "PostmanRuntime/7.29.2"

info: ::1 - - [07/Nov/2022:13:24:31 +0000] "POST /api/v1/carts/_6215178d05253301a4fda5c4 HTTP/1.1" 400 58 "-" "PostmanRuntime/7.29.2"

info: ::1 - - [07/Nov/2022:13:25:06 +0000] "POST /api/v1/carts/6215178d05253301a4fda5c4 HTTP/1.1" 400 69 "-" "PostmanRuntime/7.29.2"

info: ::1 - - [07/Nov/2022:13:26:20 +0000] "POST /api/v1/carts/6215178d05253301a4fda5c4 HTTP/1.1" 400 69 "-" "PostmanRuntime/7.29.2"

info: ::1 - - [07/Nov/2022:13:26:21 +0000] "POST /api/v1/carts/6215178d05253301a4fda5c4 HTTP/1.1" 400 69 "-" "PostmanRuntime/7.29.2"

info: ::1 - - [07/Nov/2022:13:26:23 +0000] "POST /api/v1/carts/6215178d05253301a4fda5c4 HTTP/1.1" 400 69 "-" "PostmanRuntime/7.29.2"

info: ::1 - - [07/Nov/2022:13:27:44 +0000] "POST /api/v1/carts/6215178d05253301a4fda5c4 HTTP/1.1" 200 348 "-" "PostmanRuntime/7.29.2"

info: ::1 - - [07/Nov/2022:17:27:13 +0000] "GET /dashboard HTTP/1.1" 404 47 "-" "Mozilla/5.0 (Windows NT 10.0; Win64; x64) AppleWebKit/537.36 (KHTML, like Gecko) Chrome/107.0.0.0 Safari/537.36"

info: ::1 - - [07/Nov/2022:17:27:13 +0000] "GET /favicon.ico HTTP/1.1" 404 47 "-" "Mozilla/5.0 (Windows NT 10.0; Win64; x64) AppleWebKit/537.36 (KHTML, like Gecko) Chrome/107.0.0.0 Safari/537.36"

