info: ::1 - - [08/Nov/2022:03:57:32 +0000] "POST /api/v1/carts/6215178d05253301a4fda5c4 HTTP/1.1" 200 555 "-" "PostmanRuntime/7.29.2"

info: ::1 - - [08/Nov/2022:03:58:02 +0000] "GET /api/v1/carts/getAllCart HTTP/1.1" 404 47 "-" "PostmanRuntime/7.29.2"

info: ::1 - - [08/Nov/2022:03:59:07 +0000] "GET /api/v1/carts/getAllCart HTTP/1.1" 200 556 "-" "PostmanRuntime/7.29.2"

info: ::1 - - [08/Nov/2022:03:59:50 +0000] "GET /api/v1/Books/getallBook HTTP/1.1" 200 9419 "-" "PostmanRuntime/7.29.2"

info: ::1 - - [08/Nov/2022:04:00:18 +0000] "POST /api/v1/carts/6214803b05253301a4fda584 HTTP/1.1" 200 1443 "-" "PostmanRuntime/7.29.2"

info: ::1 - - [08/Nov/2022:04:00:36 +0000] "GET /api/v1/carts/getAllCart HTTP/1.1" 200 1444 "-" "PostmanRuntime/7.29.2"

info: ::1 - - [08/Nov/2022:06:16:35 +0000] "GET /api/v1/Books/getallBook HTTP/1.1" 200 9419 "-" "PostmanRuntime/7.29.2"

info: ::1 - - [08/Nov/2022:06:17:02 +0000] "POST /api/v1/carts/6215892405253301a4fda5d2 HTTP/1.1" 200 1607 "-" "PostmanRuntime/7.29.2"

info: ::1 - - [08/Nov/2022:06:17:17 +0000] "GET /api/v1/carts/getAllCart HTTP/1.1" 200 1608 "-" "PostmanRuntime/7.29.2"

info: ::1 - - [08/Nov/2022:06:19:57 +0000] "GET /dashboard HTTP/1.1" 404 47 "-" "Mozilla/5.0 (Windows NT 10.0; Win64; x64) AppleWebKit/537.36 (KHTML, like Gecko) Chrome/107.0.0.0 Safari/537.36"

info: ::1 - - [08/Nov/2022:06:19:58 +0000] "GET /favicon.ico HTTP/1.1" 404 47 "-" "Mozilla/5.0 (Windows NT 10.0; Win64; x64) AppleWebKit/537.36 (KHTML, like Gecko) Chrome/107.0.0.0 Safari/537.36"

info: ::1 - - [08/Nov/2022:06:34:10 +0000] "POST /api/v1/carts/6215892405253301a4fda5d2 HTTP/1.1" 400 88 "-" "PostmanRuntime/7.29.2"

info: ::1 - - [08/Nov/2022:06:34:37 +0000] "POST /api/v1/carts/6215892405253301a4fda5d2 HTTP/1.1" 400 88 "-" "PostmanRuntime/7.29.2"

info: ::1 - - [08/Nov/2022:06:36:13 +0000] "POST /api/v1/carts/6215892405253301a4fda5d2 HTTP/1.1" 400 88 "-" "PostmanRuntime/7.29.2"

info: ::1 - - [08/Nov/2022:06:36:52 +0000] "POST /api/v1/carts/6215892405253301a4fda5d2 HTTP/1.1" 200 1771 "-" "PostmanRuntime/7.29.2"

info: ::1 - - [08/Nov/2022:06:38:01 +0000] "POST /api/v1/carts/6215892405253301a4fda5d2 HTTP/1.1" 400 88 "-" "PostmanRuntime/7.29.2"

info: ::1 - - [08/Nov/2022:06:38:06 +0000] "POST /api/v1/carts/6215892405253301a4fda5d2 HTTP/1.1" 400 88 "-" "PostmanRuntime/7.29.2"

info: ::1 - - [08/Nov/2022:06:38:08 +0000] "POST /api/v1/carts/6215892405253301a4fda5d2 HTTP/1.1" 400 88 "-" "PostmanRuntime/7.29.2"

info: ::1 - - [08/Nov/2022:06:39:07 +0000] "POST /api/v1/carts/6215892405253301a4fda5d2 HTTP/1.1" 400 61 "-" "PostmanRuntime/7.29.2"

info: ::1 - - [08/Nov/2022:06:39:09 +0000] "POST /api/v1/carts/6215892405253301a4fda5d2 HTTP/1.1" 400 61 "-" "PostmanRuntime/7.29.2"

info: ::1 - - [08/Nov/2022:06:39:48 +0000] "POST /api/v1/carts/6215892405253301a4fda5d2 HTTP/1.1" 200 1935 "-" "PostmanRuntime/7.29.2"

info: ::1 - - [08/Nov/2022:06:41:49 +0000] "POST /api/v1/carts/6215892405253301a4fda5d2 HTTP/1.1" 200 2099 "-" "PostmanRuntime/7.29.2"

info: ::1 - - [08/Nov/2022:06:43:03 +0000] "POST /api/v1/carts/6215892405253301a4fda5d2 HTTP/1.1" 400 88 "-" "PostmanRuntime/7.29.2"

info: ::1 - - [08/Nov/2022:06:44:51 +0000] "POST /api/v1/carts/6215892405253301a4fda5d2 HTTP/1.1" 400 88 "-" "PostmanRuntime/7.29.2"

info: ::1 - - [08/Nov/2022:06:52:06 +0000] "POST /api/v1/carts/6215892405253301a4fda5d2 HTTP/1.1" 400 88 "-" "PostmanRuntime/7.29.2"

info: ::1 - - [08/Nov/2022:06:52:07 +0000] "POST /api/v1/carts/6215892405253301a4fda5d2 HTTP/1.1" 400 88 "-" "PostmanRuntime/7.29.2"

info: ::1 - - [08/Nov/2022:06:52:09 +0000] "POST /api/v1/carts/6215892405253301a4fda5d2 HTTP/1.1" 400 88 "-" "PostmanRuntime/7.29.2"

info: ::1 - - [08/Nov/2022:13:15:50 +0000] "POST /api/v1/carts/6215892405253301a4fda5d2 HTTP/1.1" 400 88 "-" "PostmanRuntime/7.29.2"

info: ::1 - - [08/Nov/2022:13:15:52 +0000] "POST /api/v1/carts/6215892405253301a4fda5d2 HTTP/1.1" 400 88 "-" "PostmanRuntime/7.29.2"

info: ::1 - - [08/Nov/2022:13:17:33 +0000] "GET /api/v1/carts/getAllCart HTTP/1.1" 200 2101 "-" "PostmanRuntime/7.29.2"

info: ::1 - - [08/Nov/2022:13:20:57 +0000] "POST /api/v1/carts/6215892405253301a4fda5d2 HTTP/1.1" 400 88 "-" "PostmanRuntime/7.29.2"

info: ::1 - - [08/Nov/2022:13:23:56 +0000] "POST /api/v1/carts/6215892405253301a4fda5d2 HTTP/1.1" 400 88 "-" "PostmanRuntime/7.29.2"

info: ::1 - - [08/Nov/2022:13:23:58 +0000] "POST /api/v1/carts/6215892405253301a4fda5d2 HTTP/1.1" 400 88 "-" "PostmanRuntime/7.29.2"

info: ::1 - - [08/Nov/2022:13:23:59 +0000] "POST /api/v1/carts/6215892405253301a4fda5d2 HTTP/1.1" 400 88 "-" "PostmanRuntime/7.29.2"

info: ::1 - - [08/Nov/2022:13:25:38 +0000] "POST /api/v1/carts/6215892405253301a4fda5d2 HTTP/1.1" 400 88 "-" "PostmanRuntime/7.29.2"

info: ::1 - - [08/Nov/2022:13:27:15 +0000] "POST /api/v1/carts/6215892405253301a4fda5d2 HTTP/1.1" 400 88 "-" "PostmanRuntime/7.29.2"

info: ::1 - - [08/Nov/2022:13:28:55 +0000] "POST /api/v1/carts/6215892405253301a4fda5d2 HTTP/1.1" 400 88 "-" "PostmanRuntime/7.29.2"

info: ::1 - - [08/Nov/2022:13:30:04 +0000] "POST /api/v1/carts/6215892405253301a4fda5d2 HTTP/1.1" 400 88 "-" "PostmanRuntime/7.29.2"

info: ::1 - - [08/Nov/2022:13:31:55 +0000] "POST /api/v1/carts/6215892405253301a4fda5d2 HTTP/1.1" 400 88 "-" "PostmanRuntime/7.29.2"

info: ::1 - - [08/Nov/2022:13:31:56 +0000] "POST /api/v1/carts/6215892405253301a4fda5d2 HTTP/1.1" 400 88 "-" "PostmanRuntime/7.29.2"

info: ::1 - - [08/Nov/2022:13:31:57 +0000] "POST /api/v1/carts/6215892405253301a4fda5d2 HTTP/1.1" 400 88 "-" "PostmanRuntime/7.29.2"

info: ::1 - - [08/Nov/2022:13:31:58 +0000] "POST /api/v1/carts/6215892405253301a4fda5d2 HTTP/1.1" 400 88 "-" "PostmanRuntime/7.29.2"

info: ::1 - - [08/Nov/2022:13:31:59 +0000] "POST /api/v1/carts/6215892405253301a4fda5d2 HTTP/1.1" 400 88 "-" "PostmanRuntime/7.29.2"

info: ::1 - - [08/Nov/2022:13:42:22 +0000] "POST /api/v1/wishLists/6215892405253301a4fda5d2 HTTP/1.1" 400 77 "-" "PostmanRuntime/7.29.2"

info: ::1 - - [08/Nov/2022:13:42:27 +0000] "POST /api/v1/wishLists/6215892405253301a4fda5d2 HTTP/1.1" 400 77 "-" "PostmanRuntime/7.29.2"

info: ::1 - - [08/Nov/2022:13:46:25 +0000] "POST /api/v1/wishLists/6215892405253301a4fda5d2 HTTP/1.1" 200 296 "-" "PostmanRuntime/7.29.2"

info: ::1 - - [08/Nov/2022:13:46:36 +0000] "POST /api/v1/wishLists/6215892405253301a4fda5d2 HTTP/1.1" 200 447 "-" "PostmanRuntime/7.29.2"

info: ::1 - - [08/Nov/2022:13:47:14 +0000] "GET /api/v1/wishLists/getAllwishList HTTP/1.1" 400 76 "-" "PostmanRuntime/7.29.2"

info: ::1 - - [08/Nov/2022:13:47:19 +0000] "GET /api/v1/wishLists/getAllwishList HTTP/1.1" 400 76 "-" "PostmanRuntime/7.29.2"

info: ::1 - - [08/Nov/2022:13:49:28 +0000] "GET /api/v1/wishLists/getAllwishList HTTP/1.1" 400 76 "-" "PostmanRuntime/7.29.2"

info: ::1 - - [08/Nov/2022:13:49:30 +0000] "GET /api/v1/wishLists/getAllwishList HTTP/1.1" 400 76 "-" "PostmanRuntime/7.29.2"

info: ::1 - - [08/Nov/2022:13:49:31 +0000] "GET /api/v1/wishLists/getAllwishList HTTP/1.1" 400 76 "-" "PostmanRuntime/7.29.2"

info: ::1 - - [08/Nov/2022:13:51:20 +0000] "GET /api/v1/wishLists/getAllwishList HTTP/1.1" 200 449 "-" "PostmanRuntime/7.29.2"

info: ::1 - - [08/Nov/2022:13:53:23 +0000] "POST /api/v1/carts/6215892405253301a4fda5d2 HTTP/1.1" 400 88 "-" "PostmanRuntime/7.29.2"

info: ::1 - - [08/Nov/2022:13:53:24 +0000] "POST /api/v1/carts/6215892405253301a4fda5d2 HTTP/1.1" 400 88 "-" "PostmanRuntime/7.29.2"

