info: ::1 - - [05/Nov/2022:08:21:52 +0000] "POST /api/v1/books/createbook HTTP/1.1" 500 139 "-" "PostmanRuntime/7.29.2"

info: ::1 - - [05/Nov/2022:08:22:48 +0000] "POST /api/v1/books/createbook HTTP/1.1" 201 352 "-" "PostmanRuntime/7.29.2"

info: ::1 - - [05/Nov/2022:08:23:05 +0000] "POST /api/v1/books/createbook HTTP/1.1" 201 352 "-" "PostmanRuntime/7.29.2"

info: ::1 - - [05/Nov/2022:08:23:26 +0000] "POST /api/v1/books/createbook HTTP/1.1" 201 361 "-" "PostmanRuntime/7.29.2"

info: ::1 - - [05/Nov/2022:08:23:57 +0000] "POST /api/v1/books/getallBook HTTP/1.1" 404 47 "-" "PostmanRuntime/7.29.2"

info: ::1 - - [05/Nov/2022:08:23:59 +0000] "POST /api/v1/books/getallBook HTTP/1.1" 404 47 "-" "PostmanRuntime/7.29.2"

info: ::1 - - [05/Nov/2022:08:24:08 +0000] "POST /api/v1/getallBook HTTP/1.1" 404 47 "-" "PostmanRuntime/7.29.2"

info: ::1 - - [05/Nov/2022:08:24:10 +0000] "POST /api/v1/getallBook HTTP/1.1" 404 47 "-" "PostmanRuntime/7.29.2"

info: ::1 - - [05/Nov/2022:08:26:23 +0000] "POST /api/v1/books/createbook HTTP/1.1" 500 48 "-" "PostmanRuntime/7.29.2"

info: ::1 - - [05/Nov/2022:08:26:25 +0000] "POST /api/v1/books/createbook HTTP/1.1" 500 48 "-" "PostmanRuntime/7.29.2"

info: ::1 - - [05/Nov/2022:08:30:41 +0000] "POST /api/v1/users/login HTTP/1.1" 400 54 "-" "PostmanRuntime/7.29.2"

info: ::1 - - [05/Nov/2022:08:31:00 +0000] "POST /api/v1/users/login HTTP/1.1" 400 54 "-" "PostmanRuntime/7.29.2"

info: ::1 - - [05/Nov/2022:08:33:05 +0000] "POST /api/v1/users/login HTTP/1.1" 400 54 "-" "PostmanRuntime/7.29.2"

info: ::1 - - [05/Nov/2022:08:33:07 +0000] "POST /api/v1/users/login HTTP/1.1" 400 54 "-" "PostmanRuntime/7.29.2"

info: ::1 - - [05/Nov/2022:08:33:32 +0000] "POST /api/v1/users/register HTTP/1.1" 201 346 "-" "PostmanRuntime/7.29.2"

info: ::1 - - [05/Nov/2022:08:33:49 +0000] "POST /api/v1/users/lo HTTP/1.1" 404 47 "-" "PostmanRuntime/7.29.2"

info: ::1 - - [05/Nov/2022:08:33:56 +0000] "POST /api/v1/users/login HTTP/1.1" 200 277 "-" "PostmanRuntime/7.29.2"

info: ::1 - - [05/Nov/2022:08:35:18 +0000] "POST /api/v1/books/createbook HTTP/1.1" 500 52 "-" "PostmanRuntime/7.29.2"

info: ::1 - - [05/Nov/2022:08:35:20 +0000] "POST /api/v1/books/createbook HTTP/1.1" 500 52 "-" "PostmanRuntime/7.29.2"

info: ::1 - - [05/Nov/2022:08:35:22 +0000] "POST /api/v1/books/createbook HTTP/1.1" 500 52 "-" "PostmanRuntime/7.29.2"

info: ::1 - - [05/Nov/2022:08:35:23 +0000] "POST /api/v1/books/createbook HTTP/1.1" 500 52 "-" "PostmanRuntime/7.29.2"

info: ::1 - - [05/Nov/2022:08:36:43 +0000] "POST /api/v1/books/createbook HTTP/1.1" 500 52 "-" "PostmanRuntime/7.29.2"

info: ::1 - - [05/Nov/2022:08:37:46 +0000] "POST /api/v1/Books/createbook HTTP/1.1" 500 52 "-" "PostmanRuntime/7.29.2"

info: ::1 - - [05/Nov/2022:08:37:48 +0000] "POST /api/v1/Books/createbook HTTP/1.1" 500 52 "-" "PostmanRuntime/7.29.2"

info: ::1 - - [05/Nov/2022:08:37:56 +0000] "POST /api/v1/createbook HTTP/1.1" 404 47 "-" "PostmanRuntime/7.29.2"

info: ::1 - - [05/Nov/2022:08:38:11 +0000] "POST /api/v1/Books/createbook HTTP/1.1" 500 52 "-" "PostmanRuntime/7.29.2"

info: ::1 - - [05/Nov/2022:08:38:12 +0000] "POST /api/v1/Books/createbook HTTP/1.1" 500 52 "-" "PostmanRuntime/7.29.2"

info: ::1 - - [05/Nov/2022:08:39:19 +0000] "POST /api/v1/Books/createbook HTTP/1.1" 500 52 "-" "PostmanRuntime/7.29.2"

info: ::1 - - [05/Nov/2022:08:39:20 +0000] "POST /api/v1/Books/createbook HTTP/1.1" 500 52 "-" "PostmanRuntime/7.29.2"

info: ::1 - - [05/Nov/2022:08:39:22 +0000] "POST /api/v1/Books/createbook HTTP/1.1" 500 52 "-" "PostmanRuntime/7.29.2"

info: ::1 - - [05/Nov/2022:08:42:26 +0000] "POST /api/v1/Books/createbook HTTP/1.1" 201 361 "-" "PostmanRuntime/7.29.2"

info: ::1 - - [05/Nov/2022:08:42:36 +0000] "POST /api/v1/Books/createbook HTTP/1.1" 201 353 "-" "PostmanRuntime/7.29.2"

info: ::1 - - [05/Nov/2022:08:42:46 +0000] "POST /api/v1/Books/createbook HTTP/1.1" 201 360 "-" "PostmanRuntime/7.29.2"

info: ::1 - - [05/Nov/2022:08:43:10 +0000] "POST /api/v1/Books/getallBook HTTP/1.1" 404 47 "-" "PostmanRuntime/7.29.2"

info: ::1 - - [05/Nov/2022:08:43:12 +0000] "POST /api/v1/Books/getallBook HTTP/1.1" 404 47 "-" "PostmanRuntime/7.29.2"

info: ::1 - - [05/Nov/2022:08:43:20 +0000] "POST /api/v1/getallBook HTTP/1.1" 404 47 "-" "PostmanRuntime/7.29.2"

info: ::1 - - [05/Nov/2022:08:43:21 +0000] "POST /api/v1/getallBook HTTP/1.1" 404 47 "-" "PostmanRuntime/7.29.2"

info: ::1 - - [05/Nov/2022:08:43:23 +0000] "POST /api/v1/getallBook HTTP/1.1" 404 47 "-" "PostmanRuntime/7.29.2"

info: ::1 - - [05/Nov/2022:08:43:24 +0000] "POST /api/v1/getallBook HTTP/1.1" 404 47 "-" "PostmanRuntime/7.29.2"

info: ::1 - - [05/Nov/2022:08:44:14 +0000] "POST /api/v1/Books/getallBook HTTP/1.1" 404 47 "-" "PostmanRuntime/7.29.2"

info: ::1 - - [05/Nov/2022:08:44:15 +0000] "POST /api/v1/Books/getallBook HTTP/1.1" 404 47 "-" "PostmanRuntime/7.29.2"

info: ::1 - - [05/Nov/2022:08:44:17 +0000] "POST /api/v1/Books/getallBook HTTP/1.1" 404 47 "-" "PostmanRuntime/7.29.2"

info: ::1 - - [05/Nov/2022:08:44:18 +0000] "POST /api/v1/Books/getallBook HTTP/1.1" 404 47 "-" "PostmanRuntime/7.29.2"

info: ::1 - - [05/Nov/2022:08:44:20 +0000] "POST /api/v1/Books/getallBook HTTP/1.1" 404 47 "-" "PostmanRuntime/7.29.2"

info: ::1 - - [05/Nov/2022:08:46:45 +0000] "POST /api/v1/Books/getallBook HTTP/1.1" 404 47 "-" "PostmanRuntime/7.29.2"

info: ::1 - - [05/Nov/2022:08:46:46 +0000] "POST /api/v1/Books/getallBook HTTP/1.1" 404 47 "-" "PostmanRuntime/7.29.2"

info: ::1 - - [05/Nov/2022:08:46:47 +0000] "POST /api/v1/Books/getallBook HTTP/1.1" 404 47 "-" "PostmanRuntime/7.29.2"

info: ::1 - - [05/Nov/2022:08:46:48 +0000] "POST /api/v1/Books/getallBook HTTP/1.1" 404 47 "-" "PostmanRuntime/7.29.2"

info: ::1 - - [05/Nov/2022:08:46:49 +0000] "POST /api/v1/Books/getallBook HTTP/1.1" 404 47 "-" "PostmanRuntime/7.29.2"

info: ::1 - - [05/Nov/2022:08:47:08 +0000] "POST /api/v1/books/getallBook HTTP/1.1" 404 47 "-" "PostmanRuntime/7.29.2"

info: ::1 - - [05/Nov/2022:08:47:09 +0000] "POST /api/v1/books/getallBook HTTP/1.1" 404 47 "-" "PostmanRuntime/7.29.2"

info: ::1 - - [05/Nov/2022:08:47:11 +0000] "POST /api/v1/books/getallBook HTTP/1.1" 404 47 "-" "PostmanRuntime/7.29.2"

info: ::1 - - [05/Nov/2022:08:47:12 +0000] "POST /api/v1/books/getallBook HTTP/1.1" 404 47 "-" "PostmanRuntime/7.29.2"

info: ::1 - - [05/Nov/2022:08:47:13 +0000] "POST /api/v1/books/getallBook HTTP/1.1" 404 47 "-" "PostmanRuntime/7.29.2"

info: ::1 - - [05/Nov/2022:08:47:14 +0000] "POST /api/v1/books/getallBook HTTP/1.1" 404 47 "-" "PostmanRuntime/7.29.2"

info: ::1 - - [05/Nov/2022:08:47:15 +0000] "POST /api/v1/books/getallBook HTTP/1.1" 404 47 "-" "PostmanRuntime/7.29.2"

info: ::1 - - [05/Nov/2022:08:47:42 +0000] "POST /api/v1/books/getallBook HTTP/1.1" 404 47 "-" "PostmanRuntime/7.29.2"

info: ::1 - - [05/Nov/2022:08:47:56 +0000] "GET /api/v1/books/getallBook HTTP/1.1" 200 1794 "-" "PostmanRuntime/7.29.2"

info: ::1 - - [05/Nov/2022:08:48:20 +0000] "GET /api/v1/books/63662206b2e7df14389d81ec HTTP/1.1" 200 353 "-" "PostmanRuntime/7.29.2"

