info: ::1 - - [06/Nov/2022:05:22:42 +0000] "PUT /api/v1/books/63662206b2e7df14389d81ec HTTP/1.1" 202 353 "-" "PostmanRuntime/7.29.2"

info: ::1 - - [06/Nov/2022:05:22:56 +0000] "PUT /api/v1/books/63662206b2e7df14389d81ec HTTP/1.1" 202 353 "-" "PostmanRuntime/7.29.2"

info: ::1 - - [06/Nov/2022:05:23:06 +0000] "DELETE /api/v1/books/63662206b2e7df14389d81ec HTTP/1.1" 200 67 "-" "PostmanRuntime/7.29.2"

info: ::1 - - [06/Nov/2022:12:10:33 +0000] "POST /api/v1/users/register HTTP/1.1" 201 350 "-" "PostmanRuntime/7.29.2"

info: ::1 - - [06/Nov/2022:12:11:03 +0000] "POST /api/v1/users/login HTTP/1.1" 200 282 "-" "PostmanRuntime/7.29.2"

info: ::1 - - [06/Nov/2022:12:12:07 +0000] "POST /api/v1/users/forget HTTP/1.1" 200 71 "-" "PostmanRuntime/7.29.2"

info: ::1 - - [06/Nov/2022:12:14:57 +0000] "POST /api/v1/users/register HTTP/1.1" 201 355 "-" "PostmanRuntime/7.29.2"

info: ::1 - - [06/Nov/2022:12:15:06 +0000] "POST /api/v1/users/fo HTTP/1.1" 404 47 "-" "PostmanRuntime/7.29.2"

info: ::1 - - [06/Nov/2022:12:15:30 +0000] "POST /api/v1/users/forget HTTP/1.1" 200 71 "-" "PostmanRuntime/7.29.2"

info: ::1 - - [06/Nov/2022:12:21:38 +0000] "POST /api/v1/users/signUp HTTP/1.1" 404 47 "-" "PostmanRuntime/7.29.2"

info: ::1 - - [06/Nov/2022:12:21:47 +0000] "POST /api/v1/users/signUp HTTP/1.1" 404 47 "-" "PostmanRuntime/7.29.2"

info: ::1 - - [06/Nov/2022:12:26:04 +0000] "POST /api/v1/users/signUp HTTP/1.1" 400 58 "-" "PostmanRuntime/7.29.2"

info: ::1 - - [06/Nov/2022:12:26:18 +0000] "POST /api/v1/users/signUp HTTP/1.1" 201 352 "-" "PostmanRuntime/7.29.2"

info: ::1 - - [06/Nov/2022:12:26:42 +0000] "POST /api/v1/users/forget HTTP/1.1" 200 71 "-" "PostmanRuntime/7.29.2"

info: ::1 - - [06/Nov/2022:12:28:36 +0000] "POST /api/v1/books/createbook HTTP/1.1" 201 361 "-" "PostmanRuntime/7.29.2"

info: ::1 - - [06/Nov/2022:12:28:45 +0000] "POST /api/v1/books/createbook HTTP/1.1" 201 360 "-" "PostmanRuntime/7.29.2"

info: ::1 - - [06/Nov/2022:12:30:03 +0000] "POST /api/v1/Books/getallBook HTTP/1.1" 404 47 "-" "PostmanRuntime/7.29.2"

info: ::1 - - [06/Nov/2022:12:30:09 +0000] "GET /api/v1/Books/getallBook HTTP/1.1" 200 652 "-" "PostmanRuntime/7.29.2"

info: ::1 - - [06/Nov/2022:12:30:36 +0000] "PUT /api/v1/Books/6367a874828ff640103635fc HTTP/1.1" 202 353 "-" "PostmanRuntime/7.29.2"

info: ::1 - - [06/Nov/2022:12:32:14 +0000] "GET /api/v1/Books/getallBook HTTP/1.1" 200 651 "-" "PostmanRuntime/7.29.2"

info: ::1 - - [06/Nov/2022:12:32:45 +0000] "PUT /api/v1/Books/6367a87d828ff640103635fe HTTP/1.1" 202 353 "-" "PostmanRuntime/7.29.2"

info: ::1 - - [06/Nov/2022:12:32:53 +0000] "PUT /api/v1/Books/6367a87d828ff640103635fe HTTP/1.1" 202 351 "-" "PostmanRuntime/7.29.2"

info: ::1 - - [06/Nov/2022:12:33:23 +0000] "PUT /api/v1/Books/6367a87d828ff640103635fe HTTP/1.1" 202 351 "-" "PostmanRuntime/7.29.2"

info: ::1 - - [06/Nov/2022:12:33:34 +0000] "PUT /api/v1/Books/6367a87d828ff640103635fe HTTP/1.1" 202 350 "-" "PostmanRuntime/7.29.2"

