info: ::1 - - [08/Nov/2022:19:35:55 +0000] "POST /api/v1/carts/6215892405253301a4fda5d2 HTTP/1.1" 400 88 "-" "PostmanRuntime/7.29.2"

info: ::1 - - [08/Nov/2022:19:38:45 +0000] "POST /api/v1/carts/6215892405253301a4fda5d2 HTTP/1.1" 400 88 "-" "PostmanRuntime/7.29.2"

info: ::1 - - [08/Nov/2022:19:38:48 +0000] "POST /api/v1/carts/6215892405253301a4fda5d2 HTTP/1.1" 400 88 "-" "PostmanRuntime/7.29.2"

info: ::1 - - [08/Nov/2022:19:42:08 +0000] "POST /api/v1/carts/6215892405253301a4fda5d2 HTTP/1.1" 200 305 "-" "PostmanRuntime/7.29.2"

info: ::1 - - [08/Nov/2022:19:42:14 +0000] "POST /api/v1/carts/6215892405253301a4fda5d2 HTTP/1.1" 200 305 "-" "PostmanRuntime/7.29.2"

info: ::1 - - [08/Nov/2022:19:42:20 +0000] "POST /api/v1/carts/6215892405253301a4fda5d2 HTTP/1.1" 200 305 "-" "PostmanRuntime/7.29.2"

info: ::1 - - [08/Nov/2022:19:42:35 +0000] "GET /api/v1/carts/getAllCart HTTP/1.1" 200 2812 "-" "PostmanRuntime/7.29.2"

info: ::1 - - [08/Nov/2022:19:44:15 +0000] "POST /api/v1/carts/6369fa2d43d6f744b8a6acb5 HTTP/1.1" 400 69 "-" "PostmanRuntime/7.29.2"

info: ::1 - - [08/Nov/2022:19:44:33 +0000] "POST /api/v1/carts/6369fa2d43d6f744b8a6acb5 HTTP/1.1" 400 69 "-" "PostmanRuntime/7.29.2"

info: ::1 - - [08/Nov/2022:19:44:52 +0000] "POST /api/v1/carts/getAllCart HTTP/1.1" 400 133 "-" "PostmanRuntime/7.29.2"

info: ::1 - - [08/Nov/2022:19:44:59 +0000] "GET /api/v1/carts/getAllCart HTTP/1.1" 200 2812 "-" "PostmanRuntime/7.29.2"

info: ::1 - - [08/Nov/2022:19:45:43 +0000] "POST /api/v1/carts/6215178d05253301a4fda5c4 HTTP/1.1" 200 348 "-" "PostmanRuntime/7.29.2"

info: ::1 - - [08/Nov/2022:19:46:03 +0000] "GET /api/v1/carts/getAllCart HTTP/1.1" 200 3092 "-" "PostmanRuntime/7.29.2"

info: ::1 - - [08/Nov/2022:19:46:40 +0000] "POST /api/v1/carts/636907d0838726110454af3f HTTP/1.1" 400 69 "-" "PostmanRuntime/7.29.2"

info: ::1 - - [08/Nov/2022:19:46:42 +0000] "POST /api/v1/carts/636907d0838726110454af3f HTTP/1.1" 400 69 "-" "PostmanRuntime/7.29.2"

info: ::1 - - [08/Nov/2022:19:46:44 +0000] "POST /api/v1/carts/636907d0838726110454af3f HTTP/1.1" 400 69 "-" "PostmanRuntime/7.29.2"

info: ::1 - - [08/Nov/2022:19:48:49 +0000] "POST /api/v1/carts/636907d0838726110454af3f HTTP/1.1" 400 69 "-" "PostmanRuntime/7.29.2"

info: ::1 - - [08/Nov/2022:19:48:50 +0000] "POST /api/v1/carts/636907d0838726110454af3f HTTP/1.1" 400 69 "-" "PostmanRuntime/7.29.2"

info: ::1 - - [08/Nov/2022:19:48:52 +0000] "POST /api/v1/carts/636907d0838726110454af3f HTTP/1.1" 400 69 "-" "PostmanRuntime/7.29.2"

info: ::1 - - [08/Nov/2022:19:48:53 +0000] "POST /api/v1/carts/636907d0838726110454af3f HTTP/1.1" 400 69 "-" "PostmanRuntime/7.29.2"

info: ::1 - - [08/Nov/2022:19:48:54 +0000] "POST /api/v1/carts/636907d0838726110454af3f HTTP/1.1" 400 69 "-" "PostmanRuntime/7.29.2"

info: ::1 - - [08/Nov/2022:19:49:53 +0000] "POST /api/v1/carts/636907d0838726110454af3f HTTP/1.1" 400 69 "-" "PostmanRuntime/7.29.2"

info: ::1 - - [08/Nov/2022:19:49:54 +0000] "POST /api/v1/carts/636907d0838726110454af3f HTTP/1.1" 400 69 "-" "PostmanRuntime/7.29.2"

info: ::1 - - [08/Nov/2022:19:50:24 +0000] "GET /api/v1/books/getallBook HTTP/1.1" 200 9419 "-" "PostmanRuntime/7.29.2"

info: ::1 - - [08/Nov/2022:19:51:25 +0000] "POST /api/v1/carts/6215888305253301a4fda5cd HTTP/1.1" 400 88 "-" "PostmanRuntime/7.29.2"

info: ::1 - - [08/Nov/2022:19:51:27 +0000] "POST /api/v1/carts/6215888305253301a4fda5cd HTTP/1.1" 400 88 "-" "PostmanRuntime/7.29.2"

info: ::1 - - [08/Nov/2022:19:52:14 +0000] "POST /api/v1/carts/6215888305253301a4fda5cd HTTP/1.1" 200 339 "-" "PostmanRuntime/7.29.2"

info: ::1 - - [08/Nov/2022:19:52:19 +0000] "POST /api/v1/carts/6215888305253301a4fda5cd HTTP/1.1" 200 339 "-" "PostmanRuntime/7.29.2"

info: ::1 - - [08/Nov/2022:19:52:25 +0000] "POST /api/v1/carts/6215888305253301a4fda5cd HTTP/1.1" 200 339 "-" "PostmanRuntime/7.29.2"

info: ::1 - - [08/Nov/2022:19:52:39 +0000] "GET /api/v1/carts/getAllCart HTTP/1.1" 200 3905 "-" "PostmanRuntime/7.29.2"

info: ::1 - - [08/Nov/2022:19:54:29 +0000] "GET /api/v1/carts/6215888305253301a4fda5cd HTTP/1.1" 404 47 "-" "PostmanRuntime/7.29.2"

info: ::1 - - [08/Nov/2022:19:54:34 +0000] "POST /api/v1/carts/6215888305253301a4fda5cd HTTP/1.1" 200 339 "-" "PostmanRuntime/7.29.2"

info: ::1 - - [08/Nov/2022:19:54:42 +0000] "POST /api/v1/carts/6215888305253301a4fda5cd HTTP/1.1" 200 339 "-" "PostmanRuntime/7.29.2"

info: ::1 - - [08/Nov/2022:19:54:55 +0000] "GET /api/v1/carts/getAllCart HTTP/1.1" 200 4447 "-" "PostmanRuntime/7.29.2"

info: ::1 - - [08/Nov/2022:19:56:19 +0000] "POST /api/v1/carts/6215888305253301a4fda5cd HTTP/1.1" 200 339 "-" "PostmanRuntime/7.29.2"

info: ::1 - - [08/Nov/2022:19:56:26 +0000] "POST /api/v1/carts/6215888305253301a4fda5cd HTTP/1.1" 200 339 "-" "PostmanRuntime/7.29.2"

info: ::1 - - [08/Nov/2022:19:56:39 +0000] "GET /api/v1/carts/getAllCart HTTP/1.1" 200 4989 "-" "PostmanRuntime/7.29.2"

info: ::1 - - [08/Nov/2022:19:57:32 +0000] "POST /api/v1/carts/6215888305253301a4fda5cd HTTP/1.1" 200 339 "-" "PostmanRuntime/7.29.2"

info: ::1 - - [08/Nov/2022:19:57:35 +0000] "POST /api/v1/carts/6215888305253301a4fda5cd HTTP/1.1" 200 339 "-" "PostmanRuntime/7.29.2"

info: ::1 - - [08/Nov/2022:19:57:46 +0000] "GET /api/v1/carts/getAllCart HTTP/1.1" 200 5531 "-" "PostmanRuntime/7.29.2"

info: ::1 - - [08/Nov/2022:20:00:27 +0000] "POST /api/v1/carts/6215178d05253301a4fda5c4 HTTP/1.1" 200 348 "-" "PostmanRuntime/7.29.2"

info: ::1 - - [08/Nov/2022:20:01:38 +0000] "POST /api/v1/carts/621588d505253301a4fda5cf HTTP/1.1" 200 333 "-" "PostmanRuntime/7.29.2"

info: ::1 - - [08/Nov/2022:20:01:41 +0000] "POST /api/v1/carts/621588d505253301a4fda5cf HTTP/1.1" 200 333 "-" "PostmanRuntime/7.29.2"

info: ::1 - - [08/Nov/2022:20:01:54 +0000] "GET /api/v1/carts/getAllCart HTTP/1.1" 200 6341 "-" "PostmanRuntime/7.29.2"

info: ::1 - - [08/Nov/2022:20:04:04 +0000] "POST /api/v1/carts/621588d505253301a4fda5cf HTTP/1.1" 200 333 "-" "PostmanRuntime/7.29.2"

info: ::1 - - [08/Nov/2022:20:04:12 +0000] "POST /api/v1/carts/621588d505253301a4fda5cf HTTP/1.1" 200 333 "-" "PostmanRuntime/7.29.2"

info: ::1 - - [08/Nov/2022:20:04:24 +0000] "POST /api/v1/carts/621588d505253301a4fda5cf HTTP/1.1" 200 333 "-" "PostmanRuntime/7.29.2"

info: ::1 - - [08/Nov/2022:20:04:37 +0000] "GET /api/v1/carts/getAllCart HTTP/1.1" 200 7136 "-" "PostmanRuntime/7.29.2"

info: ::1 - - [08/Nov/2022:20:05:34 +0000] "POST /api/v1/carts/636ab5a54710d7433c77e4ce HTTP/1.1" 400 69 "-" "PostmanRuntime/7.29.2"

info: ::1 - - [08/Nov/2022:20:06:03 +0000] "POST /api/v1/carts/621589b605253301a4fda5d8 HTTP/1.1" 200 850 "-" "PostmanRuntime/7.29.2"

info: ::1 - - [08/Nov/2022:20:07:13 +0000] "POST /api/v1/carts/621589b605253301a4fda5d8 HTTP/1.1" 200 849 "-" "PostmanRuntime/7.29.2"

info: ::1 - - [08/Nov/2022:20:07:29 +0000] "GET /api/v1/carts/getAllCart HTTP/1.1" 200 8699 "-" "PostmanRuntime/7.29.2"

info: ::1 - - [08/Nov/2022:20:08:54 +0000] "POST /api/v1/carts/621589b605253301a4fda5d8 HTTP/1.1" 200 849 "-" "PostmanRuntime/7.29.2"

info: ::1 - - [08/Nov/2022:20:08:59 +0000] "POST /api/v1/carts/621589b605253301a4fda5d8 HTTP/1.1" 200 849 "-" "PostmanRuntime/7.29.2"

info: ::1 - - [08/Nov/2022:20:09:13 +0000] "GET /api/v1/carts/getAllCart HTTP/1.1" 200 10261 "-" "PostmanRuntime/7.29.2"

info: ::1 - - [08/Nov/2022:20:11:34 +0000] "POST /api/v1/carts/6215892405253301a4fda5d2 HTTP/1.1" 200 305 "-" "PostmanRuntime/7.29.2"

info: ::1 - - [08/Nov/2022:20:11:38 +0000] "POST /api/v1/carts/6215892405253301a4fda5d2 HTTP/1.1" 200 305 "-" "PostmanRuntime/7.29.2"

info: ::1 - - [08/Nov/2022:20:12:25 +0000] "GET /api/v1/carts/getAllCart HTTP/1.1" 200 10735 "-" "PostmanRuntime/7.29.2"

info: ::1 - - [08/Nov/2022:20:13:40 +0000] "POST /api/v1/carts/6215892405253301a4fda5d2 HTTP/1.1" 200 305 "-" "PostmanRuntime/7.29.2"

info: ::1 - - [08/Nov/2022:20:13:41 +0000] "POST /api/v1/carts/6215892405253301a4fda5d2 HTTP/1.1" 200 305 "-" "PostmanRuntime/7.29.2"

info: ::1 - - [08/Nov/2022:20:13:43 +0000] "POST /api/v1/carts/6215892405253301a4fda5d2 HTTP/1.1" 200 305 "-" "PostmanRuntime/7.29.2"

info: ::1 - - [08/Nov/2022:20:13:44 +0000] "POST /api/v1/carts/6215892405253301a4fda5d2 HTTP/1.1" 200 305 "-" "PostmanRuntime/7.29.2"

info: ::1 - - [08/Nov/2022:20:13:59 +0000] "GET /api/v1/carts/getAllCart HTTP/1.1" 200 11683 "-" "PostmanRuntime/7.29.2"

info: ::1 - - [08/Nov/2022:20:15:17 +0000] "POST /api/v1/carts/6215892405253301a4fda5d2 HTTP/1.1" 200 305 "-" "PostmanRuntime/7.29.2"

info: ::1 - - [08/Nov/2022:20:15:38 +0000] "GET /api/v1/carts/getAllCart HTTP/1.1" 200 11920 "-" "PostmanRuntime/7.29.2"

info: ::1 - - [08/Nov/2022:20:16:50 +0000] "POST /api/v1/carts/6215892405253301a4fda5d2 HTTP/1.1" 200 305 "-" "PostmanRuntime/7.29.2"

info: ::1 - - [08/Nov/2022:20:17:14 +0000] "GET /api/v1/carts/getAllCart HTTP/1.1" 200 12157 "-" "PostmanRuntime/7.29.2"

info: ::1 - - [08/Nov/2022:20:17:53 +0000] "POST /api/v1/carts/6215892405253301a4fda5d2 HTTP/1.1" 400 88 "-" "PostmanRuntime/7.29.2"

info: ::1 - - [09/Nov/2022:03:06:14 +0000] "POST /api/v1/carts/6215892405253301a4fda5d2 HTTP/1.1" 400 88 "-" "PostmanRuntime/7.29.2"

info: ::1 - - [09/Nov/2022:03:08:44 +0000] "POST /api/v1/carts/6215892405253301a4fda5d2 HTTP/1.1" 200 305 "-" "PostmanRuntime/7.29.2"

info: ::1 - - [09/Nov/2022:03:08:51 +0000] "POST /api/v1/carts/6215892405253301a4fda5d2 HTTP/1.1" 200 305 "-" "PostmanRuntime/7.29.2"

info: ::1 - - [09/Nov/2022:03:09:06 +0000] "GET /api/v1/carts/getAllCart HTTP/1.1" 200 12631 "-" "PostmanRuntime/7.29.2"

info: ::1 - - [09/Nov/2022:08:12:14 +0000] "GET /api/v1/costumers/getAllCostumer HTTP/1.1" 200 68 "-" "PostmanRuntime/7.29.2"

info: ::1 - - [09/Nov/2022:08:18:49 +0000] "POST /api/v1/costumers/createCostumer HTTP/1.1" 400 78 "-" "PostmanRuntime/7.29.2"

info: ::1 - - [09/Nov/2022:08:20:12 +0000] "POST /api/v1/costumers/createCostumer HTTP/1.1" 200 366 "-" "PostmanRuntime/7.29.2"

info: ::1 - - [09/Nov/2022:08:20:57 +0000] "GET /api/v1/costumers/getAllCostumer HTTP/1.1" 200 367 "-" "PostmanRuntime/7.29.2"

info: ::1 - - [09/Nov/2022:08:30:21 +0000] "POST /api/v1/costumers/createCostumer HTTP/1.1" 200 364 "-" "PostmanRuntime/7.29.2"

info: ::1 - - [09/Nov/2022:08:30:43 +0000] "GET /api/v1/costumers/getAllCostumer HTTP/1.1" 200 665 "-" "PostmanRuntime/7.29.2"

info: ::1 - - [09/Nov/2022:14:03:44 +0000] "POST /api/v1/carts/6215892405253301a4fda5d2 HTTP/1.1" 400 65 "-" "PostmanRuntime/7.29.2"

info: ::1 - - [09/Nov/2022:14:04:22 +0000] "POST /api/v1/carts/6215892405253301a4fda5d2 HTTP/1.1" 400 65 "-" "PostmanRuntime/7.29.2"

info: ::1 - - [09/Nov/2022:14:04:24 +0000] "POST /api/v1/carts/6215892405253301a4fda5d2 HTTP/1.1" 400 65 "-" "PostmanRuntime/7.29.2"

info: ::1 - - [09/Nov/2022:14:04:26 +0000] "POST /api/v1/carts/6215892405253301a4fda5d2 HTTP/1.1" 400 65 "-" "PostmanRuntime/7.29.2"

info: ::1 - - [09/Nov/2022:14:04:28 +0000] "POST /api/v1/carts/6215892405253301a4fda5d2 HTTP/1.1" 400 65 "-" "PostmanRuntime/7.29.2"

info: ::1 - - [09/Nov/2022:14:05:36 +0000] "POST /api/v1/carts/6215892405253301a4fda5d2 HTTP/1.1" 400 65 "-" "PostmanRuntime/7.29.2"

info: ::1 - - [09/Nov/2022:14:06:22 +0000] "POST /api/v1/carts/6215892405253301a4fda5d2 HTTP/1.1" 400 65 "-" "PostmanRuntime/7.29.2"

info: ::1 - - [09/Nov/2022:14:06:23 +0000] "POST /api/v1/carts/6215892405253301a4fda5d2 HTTP/1.1" 400 65 "-" "PostmanRuntime/7.29.2"

info: ::1 - - [09/Nov/2022:14:06:24 +0000] "POST /api/v1/carts/6215892405253301a4fda5d2 HTTP/1.1" 400 65 "-" "PostmanRuntime/7.29.2"

info: ::1 - - [09/Nov/2022:14:12:21 +0000] "POST /api/v1/carts/6215892405253301a4fda5d2 HTTP/1.1" 400 73 "-" "PostmanRuntime/7.29.2"

info: ::1 - - [09/Nov/2022:14:12:22 +0000] "POST /api/v1/carts/6215892405253301a4fda5d2 HTTP/1.1" 400 73 "-" "PostmanRuntime/7.29.2"

info: ::1 - - [09/Nov/2022:14:14:37 +0000] "POST /api/v1/carts/6215892405253301a4fda5d2 HTTP/1.1" 200 61 "-" "PostmanRuntime/7.29.2"

info: ::1 - - [09/Nov/2022:14:14:42 +0000] "POST /api/v1/carts/6215892405253301a4fda5d2 HTTP/1.1" 200 61 "-" "PostmanRuntime/7.29.2"

info: ::1 - - [09/Nov/2022:14:15:01 +0000] "POST /api/v1/carts/getAllCart HTTP/1.1" 400 133 "-" "PostmanRuntime/7.29.2"

info: ::1 - - [09/Nov/2022:14:15:07 +0000] "GET /api/v1/carts/getAllCart HTTP/1.1" 200 12631 "-" "PostmanRuntime/7.29.2"

info: ::1 - - [09/Nov/2022:14:16:47 +0000] "GET /api/v1/carts/6215892405253301a4fda5d2 HTTP/1.1" 404 47 "-" "PostmanRuntime/7.29.2"

info: ::1 - - [09/Nov/2022:14:16:52 +0000] "POST /api/v1/carts/6215892405253301a4fda5d2 HTTP/1.1" 200 61 "-" "PostmanRuntime/7.29.2"

info: ::1 - - [09/Nov/2022:14:16:57 +0000] "POST /api/v1/carts/6215892405253301a4fda5d2 HTTP/1.1" 200 61 "-" "PostmanRuntime/7.29.2"

info: ::1 - - [09/Nov/2022:14:17:49 +0000] "POST /api/v1/carts/6215892405253301a4fda5d2 HTTP/1.1" 200 61 "-" "PostmanRuntime/7.29.2"

info: ::1 - - [09/Nov/2022:14:17:52 +0000] "POST /api/v1/carts/6215892405253301a4fda5d2 HTTP/1.1" 200 61 "-" "PostmanRuntime/7.29.2"

info: ::1 - - [09/Nov/2022:16:50:41 +0000] "POST /api/v1/Books/getallBook HTTP/1.1" 404 47 "-" "PostmanRuntime/7.29.2"

info: ::1 - - [09/Nov/2022:16:50:51 +0000] "GET /api/v1/Books/getallBook HTTP/1.1" 200 9419 "-" "PostmanRuntime/7.29.2"

