info: ::1 - - [03/Nov/2022:16:35:40 +0000] "POST /api/v1/users/register HTTP/1.1" 400 62 "-" "PostmanRuntime/7.29.2"

info: ::1 - - [03/Nov/2022:16:36:33 +0000] "POST /api/v1/users/register HTTP/1.1" 400 58 "-" "PostmanRuntime/7.29.2"

info: ::1 - - [03/Nov/2022:16:36:46 +0000] "POST /api/v1/users/register HTTP/1.1" 201 342 "-" "PostmanRuntime/7.29.2"

info: ::1 - - [03/Nov/2022:16:50:23 +0000] "POST /api/v1/users/login HTTP/1.1" 200 272 "-" "PostmanRuntime/7.29.2"

info: ::1 - - [03/Nov/2022:16:50:34 +0000] "POST /api/v1/users/login HTTP/1.1" 400 53 "-" "PostmanRuntime/7.29.2"

info: ::1 - - [03/Nov/2022:16:50:41 +0000] "POST /api/v1/users/login HTTP/1.1" 200 272 "-" "PostmanRuntime/7.29.2"

info: ::1 - - [03/Nov/2022:17:00:47 +0000] "POST /api/v1/users/register HTTP/1.1" 500 66 "-" "PostmanRuntime/7.29.2"

info: ::1 - - [03/Nov/2022:17:01:04 +0000] "POST /api/v1/users/register HTTP/1.1" 201 344 "-" "PostmanRuntime/7.29.2"

info: ::1 - - [03/Nov/2022:17:01:42 +0000] "POST /api/v1/users/forget HTTP/1.1" 404 47 "-" "PostmanRuntime/7.29.2"

info: ::1 - - [03/Nov/2022:17:03:42 +0000] "POST /api/v1/users/forget HTTP/1.1" 200 68 "-" "PostmanRuntime/7.29.2"

info: ::1 - - [03/Nov/2022:17:10:50 +0000] "POST /api/v1/users/forget HTTP/1.1" 200 71 "-" "PostmanRuntime/7.29.2"

info: ::1 - - [03/Nov/2022:17:11:54 +0000] "POST /api/v1/users/forget HTTP/1.1" 200 71 "-" "PostmanRuntime/7.29.2"

info: ::1 - - [03/Nov/2022:17:14:06 +0000] "POST /api/v1/users/reset HTTP/1.1" 400 61 "-" "PostmanRuntime/7.29.2"

info: ::1 - - [03/Nov/2022:17:14:49 +0000] "POST /api/v1/users/reset HTTP/1.1" 400 61 "-" "PostmanRuntime/7.29.2"

info: ::1 - - [03/Nov/2022:17:14:52 +0000] "POST /api/v1/users/reset HTTP/1.1" 400 61 "-" "PostmanRuntime/7.29.2"

info: ::1 - - [03/Nov/2022:17:15:31 +0000] "POST /api/v1/users/reset HTTP/1.1" 400 61 "-" "PostmanRuntime/7.29.2"

info: ::1 - - [03/Nov/2022:17:15:33 +0000] "POST /api/v1/users/reset HTTP/1.1" 400 61 "-" "PostmanRuntime/7.29.2"

info: ::1 - - [03/Nov/2022:17:16:53 +0000] "POST /api/v1/users/reset HTTP/1.1" 400 61 "-" "PostmanRuntime/7.29.2"

info: ::1 - - [03/Nov/2022:17:16:54 +0000] "POST /api/v1/users/reset HTTP/1.1" 400 61 "-" "PostmanRuntime/7.29.2"

info: ::1 - - [03/Nov/2022:17:16:56 +0000] "POST /api/v1/users/reset HTTP/1.1" 400 61 "-" "PostmanRuntime/7.29.2"

info: ::1 - - [03/Nov/2022:17:17:22 +0000] "POST /api/v1/users/reset HTTP/1.1" 400 61 "-" "PostmanRuntime/7.29.2"

info: ::1 - - [03/Nov/2022:17:17:24 +0000] "POST /api/v1/users/reset HTTP/1.1" 400 61 "-" "PostmanRuntime/7.29.2"

info: ::1 - - [03/Nov/2022:17:17:26 +0000] "POST /api/v1/users/reset HTTP/1.1" 400 61 "-" "PostmanRuntime/7.29.2"

info: ::1 - - [03/Nov/2022:17:17:38 +0000] "POST /api/v1/users/reset HTTP/1.1" 400 61 "-" "PostmanRuntime/7.29.2"

info: ::1 - - [03/Nov/2022:17:17:39 +0000] "POST /api/v1/users/reset HTTP/1.1" 400 61 "-" "PostmanRuntime/7.29.2"

info: ::1 - - [03/Nov/2022:17:17:40 +0000] "POST /api/v1/users/reset HTTP/1.1" 400 61 "-" "PostmanRuntime/7.29.2"

info: ::1 - - [03/Nov/2022:17:17:40 +0000] "POST /api/v1/users/reset HTTP/1.1" 400 61 "-" "PostmanRuntime/7.29.2"

info: ::1 - - [03/Nov/2022:17:17:41 +0000] "POST /api/v1/users/reset HTTP/1.1" 400 61 "-" "PostmanRuntime/7.29.2"

info: ::1 - - [03/Nov/2022:17:17:44 +0000] "POST /api/v1/users/reset HTTP/1.1" 400 61 "-" "PostmanRuntime/7.29.2"

info: ::1 - - [03/Nov/2022:17:17:45 +0000] "POST /api/v1/users/reset HTTP/1.1" 400 61 "-" "PostmanRuntime/7.29.2"

info: ::1 - - [03/Nov/2022:17:18:19 +0000] "POST /api/v1/users/reset/eyJhbGciOiJIUzI1NiIsInR5cCI6IkpXVCJ9.eyJmaXJzdE5hbWUiOiJHb3ZpbmQiLCJsYXN0TmFtZSI6Ik1haXRoaWwiLCJlbWFpbCI6Im1haXRoaWxnb3ZpZHJ0bkBnbWFpbC5jb20iLCJpYXQiOjE2NjQ4MjAzMzh9.8CH7jUmT28MJw0gBRtSmfWfqNzQGpYbaY_urKYc73ug HTTP/1.1" 404 47 "-" "PostmanRuntime/7.29.2"

info: ::1 - - [03/Nov/2022:17:18:32 +0000] "POST /api/v1/users/reset HTTP/1.1" 400 61 "-" "PostmanRuntime/7.29.2"

info: ::1 - - [03/Nov/2022:17:20:08 +0000] "POST /api/v1/users/reset HTTP/1.1" 400 61 "-" "PostmanRuntime/7.29.2"

info: ::1 - - [03/Nov/2022:17:20:09 +0000] "POST /api/v1/users/reset HTTP/1.1" 400 61 "-" "PostmanRuntime/7.29.2"

info: ::1 - - [03/Nov/2022:17:22:42 +0000] "POST /api/v1/users/reset HTTP/1.1" 400 61 "-" "PostmanRuntime/7.29.2"

info: ::1 - - [03/Nov/2022:17:23:04 +0000] "POST /api/v1/users/reset HTTP/1.1" 400 61 "-" "PostmanRuntime/7.29.2"

info: ::1 - - [03/Nov/2022:17:24:32 +0000] "POST /api/v1/users/register HTTP/1.1" 500 66 "-" "PostmanRuntime/7.29.2"

info: ::1 - - [03/Nov/2022:17:24:40 +0000] "POST /api/v1/users/register HTTP/1.1" 400 58 "-" "PostmanRuntime/7.29.2"

info: ::1 - - [03/Nov/2022:17:24:56 +0000] "POST /api/v1/users/register HTTP/1.1" 201 344 "-" "PostmanRuntime/7.29.2"

info: ::1 - - [03/Nov/2022:17:25:22 +0000] "POST /api/v1/users/login HTTP/1.1" 200 274 "-" "PostmanRuntime/7.29.2"

info: ::1 - - [03/Nov/2022:17:25:44 +0000] "POST /api/v1/users/forget HTTP/1.1" 200 71 "-" "PostmanRuntime/7.29.2"

info: ::1 - - [03/Nov/2022:17:27:05 +0000] "POST /api/v1/users/reset HTTP/1.1" 400 61 "-" "PostmanRuntime/7.29.2"

info: ::1 - - [03/Nov/2022:17:27:18 +0000] "POST /api/v1/users/reset HTTP/1.1" 400 61 "-" "PostmanRuntime/7.29.2"

info: ::1 - - [03/Nov/2022:17:27:42 +0000] "POST /api/v1/users/reset HTTP/1.1" 400 57 "-" "PostmanRuntime/7.29.2"

info: ::1 - - [03/Nov/2022:17:27:55 +0000] "POST /api/v1/users/reset HTTP/1.1" 400 57 "-" "PostmanRuntime/7.29.2"

