info: ::1 - - [17/Nov/2022:17:15:07 +0000] "POST /api/v1/customers/createCostumer HTTP/1.1" 500 60 "-" "PostmanRuntime/7.29.2"

info: ::1 - - [17/Nov/2022:17:15:53 +0000] "POST /api/v1/customers/createCostumer HTTP/1.1" 500 60 "-" "PostmanRuntime/7.29.2"

info: ::1 - - [17/Nov/2022:17:15:55 +0000] "POST /api/v1/customers/createCostumer HTTP/1.1" 500 60 "-" "PostmanRuntime/7.29.2"

info: ::1 - - [17/Nov/2022:17:15:56 +0000] "POST /api/v1/customers/createCostumer HTTP/1.1" 500 60 "-" "PostmanRuntime/7.29.2"

info: ::1 - - [17/Nov/2022:17:15:57 +0000] "POST /api/v1/customers/createCostumer HTTP/1.1" 500 60 "-" "PostmanRuntime/7.29.2"

info: ::1 - - [17/Nov/2022:17:15:58 +0000] "POST /api/v1/customers/createCostumer HTTP/1.1" 500 60 "-" "PostmanRuntime/7.29.2"

info: ::1 - - [17/Nov/2022:17:15:59 +0000] "POST /api/v1/customers/createCostumer HTTP/1.1" 500 60 "-" "PostmanRuntime/7.29.2"

info: ::1 - - [17/Nov/2022:17:16:22 +0000] "POST /api/v1/customers/createCostumer HTTP/1.1" 500 60 "-" "PostmanRuntime/7.29.2"

info: ::1 - - [17/Nov/2022:17:16:24 +0000] "POST /api/v1/customers/createCostumer HTTP/1.1" 500 60 "-" "PostmanRuntime/7.29.2"

info: ::1 - - [17/Nov/2022:17:18:17 +0000] "POST /api/v1/users/logIn HTTP/1.1" 404 47 "-" "PostmanRuntime/7.29.2"

info: ::1 - - [17/Nov/2022:17:18:42 +0000] "POST /api/v1/users/signUp HTTP/1.1" 500 59 "-" "PostmanRuntime/7.29.2"

info: ::1 - - [17/Nov/2022:17:19:00 +0000] "POST /api/v1/users/signIn HTTP/1.1" 200 332 "-" "PostmanRuntime/7.29.2"

info: ::1 - - [17/Nov/2022:17:20:38 +0000] "GET /api/v1/costumers/createCostumer HTTP/1.1" 404 47 "-" "PostmanRuntime/7.29.2"

info: ::1 - - [17/Nov/2022:17:20:43 +0000] "POST /api/v1/costumers/createCostumer HTTP/1.1" 404 47 "-" "PostmanRuntime/7.29.2"

info: ::1 - - [17/Nov/2022:17:20:45 +0000] "POST /api/v1/costumers/createCostumer HTTP/1.1" 404 47 "-" "PostmanRuntime/7.29.2"

info: ::1 - - [17/Nov/2022:17:20:47 +0000] "POST /api/v1/costumers/createCostumer HTTP/1.1" 404 47 "-" "PostmanRuntime/7.29.2"

info: ::1 - - [17/Nov/2022:17:21:36 +0000] "POST /api/v1/costumers/createCostumer HTTP/1.1" 404 47 "-" "PostmanRuntime/7.29.2"

info: ::ffff:127.0.0.1 - - [17/Nov/2022:17:22:31 +0000] "POST /api/v1/customers/createCostumer HTTP/1.1" 400 40 "-" "PostmanRuntime/7.29.2"

info: ::ffff:127.0.0.1 - - [17/Nov/2022:17:22:33 +0000] "POST /api/v1/customers/createCostumer HTTP/1.1" 400 40 "-" "PostmanRuntime/7.29.2"

info: ::ffff:127.0.0.1 - - [17/Nov/2022:17:22:35 +0000] "POST /api/v1/customers/createCostumer HTTP/1.1" 400 40 "-" "PostmanRuntime/7.29.2"

info: ::1 - - [17/Nov/2022:17:24:01 +0000] "POST /api/v1/customers/createCostumer HTTP/1.1" 400 40 "-" "PostmanRuntime/7.29.2"

info: ::1 - - [17/Nov/2022:17:24:11 +0000] "POST /api/v1/customers/createCostumer HTTP/1.1" 400 40 "-" "PostmanRuntime/7.29.2"

info: ::1 - - [17/Nov/2022:17:27:21 +0000] "POST /api/v1/customers/createCostumer HTTP/1.1" 400 40 "-" "PostmanRuntime/7.29.2"

info: ::1 - - [17/Nov/2022:17:27:23 +0000] "POST /api/v1/customers/createCostumer HTTP/1.1" 400 40 "-" "PostmanRuntime/7.29.2"

info: ::1 - - [17/Nov/2022:17:27:23 +0000] "POST /api/v1/customers/createCostumer HTTP/1.1" 400 40 "-" "PostmanRuntime/7.29.2"

info: ::1 - - [17/Nov/2022:17:27:24 +0000] "POST /api/v1/customers/createCostumer HTTP/1.1" 400 40 "-" "PostmanRuntime/7.29.2"

