info: ::1 - - [10/Nov/2022:18:30:59 +0000] "POST /api/v1/carts/6215890d05253301a4fda5d1 HTTP/1.1" 200 478 "-" "PostmanRuntime/7.29.2"

info: ::1 - - [10/Nov/2022:18:39:50 +0000] "POST /api/v1/carts/6215890d05253301a4fda5d1 HTTP/1.1" 200 61 "-" "PostmanRuntime/7.29.2"

info: ::1 - - [10/Nov/2022:18:40:02 +0000] "GET /api/v1/carts/getAllCart HTTP/1.1" 200 717 "-" "PostmanRuntime/7.29.2"

info: ::1 - - [10/Nov/2022:18:44:04 +0000] "POST /api/v1/carts/636ab8783338ef19a88b942b HTTP/1.1" 400 69 "-" "PostmanRuntime/7.29.2"

info: ::1 - - [10/Nov/2022:18:44:32 +0000] "POST /api/v1/carts/62158a3005253301a4fda5dd HTTP/1.1" 200 61 "-" "PostmanRuntime/7.29.2"

info: ::1 - - [10/Nov/2022:18:46:39 +0000] "GET /api/v1/carts/getAllCart HTTP/1.1" 200 717 "-" "PostmanRuntime/7.29.2"

info: ::1 - - [10/Nov/2022:18:48:42 +0000] "POST /api/v1/carts/62158a3005253301a4fda5dd HTTP/1.1" 200 61 "-" "PostmanRuntime/7.29.2"

info: ::1 - - [10/Nov/2022:18:48:47 +0000] "POST /api/v1/carts/62158a3005253301a4fda5dd HTTP/1.1" 200 61 "-" "PostmanRuntime/7.29.2"

info: ::1 - - [10/Nov/2022:18:49:02 +0000] "GET /api/v1/carts/getAllCart HTTP/1.1" 200 717 "-" "PostmanRuntime/7.29.2"

info: ::1 - - [10/Nov/2022:18:53:22 +0000] "POST /api/v1/carts/62158a3005253301a4fda5dd HTTP/1.1" 200 61 "-" "PostmanRuntime/7.29.2"

info: ::1 - - [10/Nov/2022:18:56:27 +0000] "POST /api/v1/carts/62158a3005253301a4fda5dd HTTP/1.1" 200 61 "-" "PostmanRuntime/7.29.2"

info: ::1 - - [10/Nov/2022:19:00:04 +0000] "POST /api/v1/carts/62158a3005253301a4fda5dd HTTP/1.1" 200 61 "-" "PostmanRuntime/7.29.2"

info: ::1 - - [10/Nov/2022:19:01:28 +0000] "POST /api/v1/carts/62158a3005253301a4fda5dd HTTP/1.1" 200 61 "-" "PostmanRuntime/7.29.2"

info: ::1 - - [10/Nov/2022:19:06:46 +0000] "POST /api/v1/carts/62158a3005253301a4fda5dd HTTP/1.1" 200 61 "-" "PostmanRuntime/7.29.2"

info: ::1 - - [10/Nov/2022:19:10:16 +0000] "POST /api/v1/carts/62158a3005253301a4fda5dd%0A HTTP/1.1" 400 150 "-" "PostmanRuntime/7.29.2"

info: ::1 - - [10/Nov/2022:19:14:39 +0000] "POST /api/v1/carts/62158a3005253301a4fda5dd%0A HTTP/1.1" 400 150 "-" "PostmanRuntime/7.29.2"

info: ::1 - - [10/Nov/2022:19:16:39 +0000] "POST /api/v1/carts/62158a3005253301a4fda5dd%0A HTTP/1.1" 400 150 "-" "PostmanRuntime/7.29.2"

info: ::1 - - [10/Nov/2022:19:16:42 +0000] "POST /api/v1/carts/62158a3005253301a4fda5dd%0A HTTP/1.1" 400 150 "-" "PostmanRuntime/7.29.2"

info: ::1 - - [10/Nov/2022:19:17:56 +0000] "POST /api/v1/carts/62158a4505253301a4fda5de%0A%0A HTTP/1.1" 400 153 "-" "PostmanRuntime/7.29.2"

info: ::1 - - [10/Nov/2022:19:18:05 +0000] "POST /api/v1/carts/62158a4505253301a4fda5de HTTP/1.1" 200 61 "-" "PostmanRuntime/7.29.2"

info: ::1 - - [10/Nov/2022:19:18:55 +0000] "POST /api/v1/carts/62158a4505253301a4fda5de HTTP/1.1" 200 61 "-" "PostmanRuntime/7.29.2"

info: ::1 - - [10/Nov/2022:19:20:00 +0000] "POST /api/v1/carts/62158a4505253301a4fda5de HTTP/1.1" 200 61 "-" "PostmanRuntime/7.29.2"

info: ::1 - - [10/Nov/2022:19:21:16 +0000] "POST /api/v1/carts/62158a4505253301a4fda5de HTTP/1.1" 200 61 "-" "PostmanRuntime/7.29.2"

info: ::1 - - [10/Nov/2022:19:22:44 +0000] "GET /api/v1/carts/getAllCart HTTP/1.1" 200 717 "-" "PostmanRuntime/7.29.2"

info: ::1 - - [10/Nov/2022:19:23:47 +0000] "POST /api/v1/carts/636ab8783338ef19a88b942c HTTP/1.1" 400 69 "-" "PostmanRuntime/7.29.2"

info: ::1 - - [10/Nov/2022:19:25:04 +0000] "POST /api/v1/carts/636ab8783338ef19a88b942c HTTP/1.1" 400 69 "-" "PostmanRuntime/7.29.2"

info: ::1 - - [10/Nov/2022:19:28:36 +0000] "GET /api/v1/carts/getAllCart HTTP/1.1" 200 717 "-" "PostmanRuntime/7.29.2"

info: ::1 - - [10/Nov/2022:19:29:12 +0000] "POST /api/v1/carts/6215892405253301a4fda5d2 HTTP/1.1" 200 61 "-" "PostmanRuntime/7.29.2"

info: ::1 - - [10/Nov/2022:19:32:48 +0000] "POST /api/v1/carts/6215892405253301a4fda5d2 HTTP/1.1" 200 61 "-" "PostmanRuntime/7.29.2"

info: ::1 - - [10/Nov/2022:19:33:21 +0000] "GET /api/v1/carts/getAllCart HTTP/1.1" 200 717 "-" "PostmanRuntime/7.29.2"

info: ::1 - - [10/Nov/2022:19:46:22 +0000] "POST /api/v1/carts/6215892405253301a4fda5d2 HTTP/1.1" 200 61 "-" "PostmanRuntime/7.29.2"

info: ::1 - - [10/Nov/2022:19:46:36 +0000] "GET /api/v1/carts/getAllCart HTTP/1.1" 200 717 "-" "PostmanRuntime/7.29.2"

info: ::1 - - [10/Nov/2022:19:51:04 +0000] "POST /api/v1/carts/6215892405253301a4fda5d2 HTTP/1.1" 200 61 "-" "PostmanRuntime/7.29.2"

info: ::1 - - [10/Nov/2022:19:51:31 +0000] "GET /api/v1/carts/getAllCart HTTP/1.1" 200 717 "-" "PostmanRuntime/7.29.2"

info: ::1 - - [10/Nov/2022:19:54:20 +0000] "POST /api/v1/carts/62158a0505253301a4fda5db HTTP/1.1" 200 61 "-" "PostmanRuntime/7.29.2"

info: ::1 - - [10/Nov/2022:19:54:35 +0000] "GET /api/v1/carts/getAllCart HTTP/1.1" 200 717 "-" "PostmanRuntime/7.29.2"

info: ::1 - - [10/Nov/2022:19:55:06 +0000] "POST /api/v1/carts/636ab8783338ef19a88b942c HTTP/1.1" 400 69 "-" "PostmanRuntime/7.29.2"

info: ::1 - - [10/Nov/2022:19:55:23 +0000] "GET /api/v1/carts/getAllCart HTTP/1.1" 200 717 "-" "PostmanRuntime/7.29.2"

info: ::1 - - [10/Nov/2022:19:55:46 +0000] "POST /api/v1/carts/636ab8783338ef19a88b942c HTTP/1.1" 400 69 "-" "PostmanRuntime/7.29.2"

info: ::1 - - [11/Nov/2022:03:29:43 +0000] "POST /api/v1/carts/62158a0505253301a4fda5db HTTP/1.1" 400 61 "-" "PostmanRuntime/7.29.2"

info: ::1 - - [11/Nov/2022:03:34:02 +0000] "POST /api/v1/carts/62158a0505253301a4fda5db HTTP/1.1" 200 61 "-" "PostmanRuntime/7.29.2"

info: ::1 - - [11/Nov/2022:03:34:21 +0000] "POST /api/v1/carts/62158a0505253301a4fda5db HTTP/1.1" 200 61 "-" "PostmanRuntime/7.29.2"

info: ::1 - - [11/Nov/2022:03:34:23 +0000] "POST /api/v1/carts/62158a0505253301a4fda5db HTTP/1.1" 200 61 "-" "PostmanRuntime/7.29.2"

info: ::1 - - [11/Nov/2022:03:34:26 +0000] "POST /api/v1/carts/62158a0505253301a4fda5db HTTP/1.1" 200 61 "-" "PostmanRuntime/7.29.2"

info: ::1 - - [11/Nov/2022:03:34:36 +0000] "GET /api/v1/carts/getAllCart HTTP/1.1" 200 717 "-" "PostmanRuntime/7.29.2"

info: ::1 - - [11/Nov/2022:03:35:56 +0000] "POST /api/v1/carts/62158a0505253301a4fda5db HTTP/1.1" 200 61 "-" "PostmanRuntime/7.29.2"

info: ::1 - - [11/Nov/2022:03:36:25 +0000] "GET /api/v1/carts/getAllCart HTTP/1.1" 200 717 "-" "PostmanRuntime/7.29.2"

info: ::1 - - [11/Nov/2022:03:38:31 +0000] "POST /api/v1/carts/62158a4505253301a4fda5de HTTP/1.1" 200 61 "-" "PostmanRuntime/7.29.2"

info: ::1 - - [11/Nov/2022:03:38:34 +0000] "POST /api/v1/carts/62158a4505253301a4fda5de HTTP/1.1" 200 61 "-" "PostmanRuntime/7.29.2"

info: ::1 - - [11/Nov/2022:03:38:39 +0000] "POST /api/v1/carts/62158a4505253301a4fda5de HTTP/1.1" 200 61 "-" "PostmanRuntime/7.29.2"

info: ::1 - - [11/Nov/2022:03:38:40 +0000] "POST /api/v1/carts/62158a4505253301a4fda5de HTTP/1.1" 200 61 "-" "PostmanRuntime/7.29.2"

info: ::1 - - [11/Nov/2022:03:40:40 +0000] "GET /api/v1/carts/getAllCart HTTP/1.1" 200 717 "-" "PostmanRuntime/7.29.2"

info: ::1 - - [11/Nov/2022:03:50:02 +0000] "POST /api/v1/carts/62158a0505253301a4fda5d HTTP/1.1" 400 146 "-" "PostmanRuntime/7.29.2"

info: ::1 - - [11/Nov/2022:03:50:28 +0000] "POST /api/v1/carts/62158a0505253301a4fda5db HTTP/1.1" 400 81 "-" "PostmanRuntime/7.29.2"

info: ::1 - - [11/Nov/2022:03:51:01 +0000] "POST /api/v1/carts/62158a0505253301a4fda5db HTTP/1.1" 200 61 "-" "PostmanRuntime/7.29.2"

info: ::1 - - [11/Nov/2022:03:51:03 +0000] "POST /api/v1/carts/62158a0505253301a4fda5db HTTP/1.1" 200 61 "-" "PostmanRuntime/7.29.2"

info: ::1 - - [11/Nov/2022:03:51:05 +0000] "POST /api/v1/carts/62158a0505253301a4fda5db HTTP/1.1" 200 61 "-" "PostmanRuntime/7.29.2"

info: ::1 - - [11/Nov/2022:03:51:06 +0000] "POST /api/v1/carts/62158a0505253301a4fda5db HTTP/1.1" 200 61 "-" "PostmanRuntime/7.29.2"

info: ::1 - - [11/Nov/2022:03:51:41 +0000] "GET /api/v1/carts/getAllCart HTTP/1.1" 200 717 "-" "PostmanRuntime/7.29.2"

info: ::1 - - [11/Nov/2022:08:44:00 +0000] "POST /api/v1/carts/636ab8783338ef19a88b942c HTTP/1.1" 400 69 "-" "PostmanRuntime/7.29.2"

info: ::1 - - [11/Nov/2022:08:45:31 +0000] "POST /api/v1/carts/6214803b05253301a4fda584 HTTP/1.1" 200 1029 "-" "PostmanRuntime/7.29.2"

info: ::1 - - [11/Nov/2022:08:45:34 +0000] "POST /api/v1/carts/6214803b05253301a4fda584 HTTP/1.1" 400 144 "-" "PostmanRuntime/7.29.2"

info: ::1 - - [11/Nov/2022:08:45:46 +0000] "POST /api/v1/carts/6214803b05253301a4fda584 HTTP/1.1" 400 144 "-" "PostmanRuntime/7.29.2"

info: ::1 - - [11/Nov/2022:08:46:12 +0000] "POST /api/v1/carts/6215178d05253301a4fda5c4 HTTP/1.1" 400 144 "-" "PostmanRuntime/7.29.2"

info: ::1 - - [11/Nov/2022:08:46:14 +0000] "POST /api/v1/carts/6215178d05253301a4fda5c4 HTTP/1.1" 400 144 "-" "PostmanRuntime/7.29.2"

info: ::1 - - [11/Nov/2022:08:46:15 +0000] "POST /api/v1/carts/6215178d05253301a4fda5c4 HTTP/1.1" 400 144 "-" "PostmanRuntime/7.29.2"

info: ::1 - - [11/Nov/2022:08:46:16 +0000] "POST /api/v1/carts/6215178d05253301a4fda5c4 HTTP/1.1" 400 144 "-" "PostmanRuntime/7.29.2"

info: ::1 - - [11/Nov/2022:08:46:17 +0000] "POST /api/v1/carts/6215178d05253301a4fda5c4 HTTP/1.1" 400 144 "-" "PostmanRuntime/7.29.2"

info: ::1 - - [11/Nov/2022:08:46:19 +0000] "POST /api/v1/carts/6215178d05253301a4fda5c4 HTTP/1.1" 400 144 "-" "PostmanRuntime/7.29.2"

info: ::1 - - [11/Nov/2022:08:46:20 +0000] "POST /api/v1/carts/6215178d05253301a4fda5c4 HTTP/1.1" 400 144 "-" "PostmanRuntime/7.29.2"

info: ::1 - - [11/Nov/2022:08:49:37 +0000] "POST /api/v1/users/login HTTP/1.1" 404 47 "-" "PostmanRuntime/7.29.2"

info: ::1 - - [11/Nov/2022:08:49:48 +0000] "POST /api/v1/users/login HTTP/1.1" 404 47 "-" "PostmanRuntime/7.29.2"

info: ::1 - - [11/Nov/2022:08:50:30 +0000] "POST /api/v1/users/signIn HTTP/1.1" 400 54 "-" "PostmanRuntime/7.29.2"

info: ::1 - - [11/Nov/2022:08:50:32 +0000] "POST /api/v1/users/signIn HTTP/1.1" 400 54 "-" "PostmanRuntime/7.29.2"

info: ::1 - - [11/Nov/2022:08:51:42 +0000] "POST /api/v1/users/signUp HTTP/1.1" 201 355 "-" "PostmanRuntime/7.29.2"

info: ::1 - - [11/Nov/2022:08:52:13 +0000] "POST /api/v1/users/signIn HTTP/1.1" 200 289 "-" "PostmanRuntime/7.29.2"

info: ::1 - - [11/Nov/2022:08:53:55 +0000] "POST /api/v1/users/signIn HTTP/1.1" 200 289 "-" "PostmanRuntime/7.29.2"

info: ::1 - - [11/Nov/2022:08:54:30 +0000] "POST /api/v1/users/signUp HTTP/1.1" 201 355 "-" "PostmanRuntime/7.29.2"

info: ::1 - - [11/Nov/2022:08:54:48 +0000] "POST /api/v1/users/signUp HTTP/1.1" 500 59 "-" "PostmanRuntime/7.29.2"

info: ::1 - - [11/Nov/2022:08:54:58 +0000] "POST /api/v1/users/signIn HTTP/1.1" 200 289 "-" "PostmanRuntime/7.29.2"

info: ::1 - - [11/Nov/2022:08:55:25 +0000] "POST /api/v1/carts/6215178d05253301a4fda5c4 HTTP/1.1" 400 77 "-" "PostmanRuntime/7.29.2"

info: ::1 - - [11/Nov/2022:08:55:27 +0000] "POST /api/v1/carts/6215178d05253301a4fda5c4 HTTP/1.1" 400 77 "-" "PostmanRuntime/7.29.2"

info: ::1 - - [11/Nov/2022:08:55:28 +0000] "POST /api/v1/carts/6215178d05253301a4fda5c4 HTTP/1.1" 400 77 "-" "PostmanRuntime/7.29.2"

info: ::1 - - [11/Nov/2022:08:55:29 +0000] "POST /api/v1/carts/6215178d05253301a4fda5c4 HTTP/1.1" 400 77 "-" "PostmanRuntime/7.29.2"

info: ::1 - - [11/Nov/2022:08:55:30 +0000] "POST /api/v1/carts/6215178d05253301a4fda5c4 HTTP/1.1" 400 77 "-" "PostmanRuntime/7.29.2"

info: ::1 - - [11/Nov/2022:08:55:32 +0000] "POST /api/v1/carts/6215178d05253301a4fda5c4 HTTP/1.1" 400 77 "-" "PostmanRuntime/7.29.2"

info: ::1 - - [11/Nov/2022:08:55:33 +0000] "POST /api/v1/carts/6215178d05253301a4fda5c4 HTTP/1.1" 400 77 "-" "PostmanRuntime/7.29.2"

info: ::1 - - [11/Nov/2022:08:57:48 +0000] "POST /api/v1/Books/getallBook HTTP/1.1" 404 47 "-" "PostmanRuntime/7.29.2"

info: ::1 - - [11/Nov/2022:08:57:54 +0000] "GET /api/v1/Books/getallBook HTTP/1.1" 200 9419 "-" "PostmanRuntime/7.29.2"

info: ::1 - - [11/Nov/2022:08:58:18 +0000] "POST /api/v1/carts/6214803b05253301a4fda584 HTTP/1.1" 400 77 "-" "PostmanRuntime/7.29.2"

info: ::1 - - [11/Nov/2022:09:00:48 +0000] "POST /api/v1/users/signIn HTTP/1.1" 200 289 "-" "PostmanRuntime/7.29.2"

info: ::1 - - [11/Nov/2022:09:01:20 +0000] "POST /api/v1/Books/getallBook HTTP/1.1" 404 47 "-" "PostmanRuntime/7.29.2"

info: ::1 - - [11/Nov/2022:09:01:25 +0000] "GET /api/v1/Books/getallBook HTTP/1.1" 200 9419 "-" "PostmanRuntime/7.29.2"

info: ::1 - - [11/Nov/2022:09:02:10 +0000] "POST /api/v1/carts/6214803b05253301a4fda584 HTTP/1.1" 400 77 "-" "PostmanRuntime/7.29.2"

info: ::1 - - [11/Nov/2022:09:05:25 +0000] "POST /api/v1/users/signIn HTTP/1.1" 200 289 "-" "PostmanRuntime/7.29.2"

info: ::1 - - [11/Nov/2022:09:05:49 +0000] "POST /api/v1/carts/6214803b05253301a4fda584 HTTP/1.1" 400 144 "-" "PostmanRuntime/7.29.2"

info: ::1 - - [11/Nov/2022:09:07:12 +0000] "POST /api/v1/users/signIn HTTP/1.1" 200 289 "-" "PostmanRuntime/7.29.2"

info: ::1 - - [11/Nov/2022:09:07:59 +0000] "GET /api/v1/Books/getallBook HTTP/1.1" 200 9419 "-" "PostmanRuntime/7.29.2"

info: ::1 - - [11/Nov/2022:09:09:38 +0000] "GET /api/v1/Books/getallBook HTTP/1.1" 200 9419 "-" "PostmanRuntime/7.29.2"

info: ::1 - - [11/Nov/2022:09:09:58 +0000] "POST /api/v1/carts/6214803b05253301a4fda584 HTTP/1.1" 200 1029 "-" "PostmanRuntime/7.29.2"

info: ::1 - - [11/Nov/2022:09:10:02 +0000] "POST /api/v1/carts/6214803b05253301a4fda584 HTTP/1.1" 400 144 "-" "PostmanRuntime/7.29.2"

info: ::1 - - [11/Nov/2022:09:10:31 +0000] "POST /api/v1/carts/6214803b05253301a4fda584 HTTP/1.1" 400 144 "-" "PostmanRuntime/7.29.2"

info: ::1 - - [11/Nov/2022:09:11:07 +0000] "POST /api/v1/carts/621588d505253301a4fda5cf HTTP/1.1" 400 144 "-" "PostmanRuntime/7.29.2"

info: ::1 - - [11/Nov/2022:09:11:09 +0000] "POST /api/v1/carts/621588d505253301a4fda5cf HTTP/1.1" 400 144 "-" "PostmanRuntime/7.29.2"

info: ::1 - - [11/Nov/2022:09:12:51 +0000] "POST /api/v1/users/signUp HTTP/1.1" 201 355 "-" "PostmanRuntime/7.29.2"

info: ::1 - - [11/Nov/2022:09:13:36 +0000] "POST /api/v1/users/signIn HTTP/1.1" 200 289 "-" "PostmanRuntime/7.29.2"

info: ::1 - - [11/Nov/2022:09:14:34 +0000] "GET /api/v1/Books/getallBook HTTP/1.1" 200 9419 "-" "PostmanRuntime/7.29.2"

info: ::1 - - [11/Nov/2022:09:15:44 +0000] "GET /api/v1/carts/6214803b05253301a4fda584 HTTP/1.1" 404 47 "-" "PostmanRuntime/7.29.2"

info: ::1 - - [11/Nov/2022:09:15:50 +0000] "POST /api/v1/carts/6214803b05253301a4fda584 HTTP/1.1" 200 1029 "-" "PostmanRuntime/7.29.2"

info: ::1 - - [11/Nov/2022:09:15:55 +0000] "POST /api/v1/carts/6214803b05253301a4fda584 HTTP/1.1" 400 144 "-" "PostmanRuntime/7.29.2"

info: ::1 - - [11/Nov/2022:09:15:57 +0000] "POST /api/v1/carts/6214803b05253301a4fda584 HTTP/1.1" 400 144 "-" "PostmanRuntime/7.29.2"

info: ::1 - - [11/Nov/2022:09:15:58 +0000] "POST /api/v1/carts/6214803b05253301a4fda584 HTTP/1.1" 400 144 "-" "PostmanRuntime/7.29.2"

info: ::1 - - [11/Nov/2022:09:15:59 +0000] "POST /api/v1/carts/6214803b05253301a4fda584 HTTP/1.1" 400 144 "-" "PostmanRuntime/7.29.2"

info: ::1 - - [11/Nov/2022:09:16:00 +0000] "POST /api/v1/carts/6214803b05253301a4fda584 HTTP/1.1" 400 144 "-" "PostmanRuntime/7.29.2"

info: ::1 - - [11/Nov/2022:09:17:02 +0000] "POST /api/v1/carts/621588d505253301a4fda5cf HTTP/1.1" 400 144 "-" "PostmanRuntime/7.29.2"

info: ::1 - - [11/Nov/2022:09:24:29 +0000] "POST /api/v1/carts/621588d505253301a4fda5cf HTTP/1.1" 400 144 "-" "PostmanRuntime/7.29.2"

info: ::1 - - [11/Nov/2022:09:24:56 +0000] "POST /api/v1/carts/6215890d05253301a4fda5d1 HTTP/1.1" 400 144 "-" "PostmanRuntime/7.29.2"

info: ::1 - - [11/Nov/2022:09:26:02 +0000] "POST /api/v1/carts/6215890d05253301a4fda5d1 HTTP/1.1" 400 144 "-" "PostmanRuntime/7.29.2"

info: ::1 - - [11/Nov/2022:09:28:44 +0000] "POST /api/v1/users/signIn HTTP/1.1" 200 289 "-" "PostmanRuntime/7.29.2"

info: ::1 - - [11/Nov/2022:09:29:35 +0000] "POST /api/v1/carts/6215178d05253301a4fda5c4 HTTP/1.1" 200 348 "-" "PostmanRuntime/7.29.2"

info: ::1 - - [11/Nov/2022:09:29:39 +0000] "POST /api/v1/carts/6215178d05253301a4fda5c4 HTTP/1.1" 400 144 "-" "PostmanRuntime/7.29.2"

info: ::1 - - [11/Nov/2022:09:34:36 +0000] "POST /api/v1/users/signIn HTTP/1.1" 200 289 "-" "PostmanRuntime/7.29.2"

info: ::1 - - [11/Nov/2022:09:34:52 +0000] "GET /api/v1/carts/getAllCart HTTP/1.1" 200 350 "-" "PostmanRuntime/7.29.2"

info: ::1 - - [11/Nov/2022:09:35:24 +0000] "POST /api/v1/carts/6215888305253301a4fda5cd HTTP/1.1" 400 40 "-" "PostmanRuntime/7.29.2"

info: ::1 - - [11/Nov/2022:09:35:27 +0000] "POST /api/v1/carts/6215888305253301a4fda5cd HTTP/1.1" 400 40 "-" "PostmanRuntime/7.29.2"

info: ::1 - - [11/Nov/2022:09:35:28 +0000] "POST /api/v1/carts/6215888305253301a4fda5cd HTTP/1.1" 400 40 "-" "PostmanRuntime/7.29.2"

info: ::1 - - [11/Nov/2022:09:35:30 +0000] "POST /api/v1/carts/6215888305253301a4fda5cd HTTP/1.1" 400 40 "-" "PostmanRuntime/7.29.2"

info: ::1 - - [11/Nov/2022:09:35:38 +0000] "POST /api/v1/carts/getAllCart HTTP/1.1" 400 40 "-" "PostmanRuntime/7.29.2"

info: ::1 - - [11/Nov/2022:09:35:40 +0000] "POST /api/v1/carts/getAllCart HTTP/1.1" 400 40 "-" "PostmanRuntime/7.29.2"

info: ::1 - - [11/Nov/2022:09:36:01 +0000] "POST /api/v1/Books/getallBook HTTP/1.1" 404 47 "-" "PostmanRuntime/7.29.2"

info: ::1 - - [11/Nov/2022:09:36:06 +0000] "GET /api/v1/Books/getallBook HTTP/1.1" 400 40 "-" "PostmanRuntime/7.29.2"

info: ::1 - - [11/Nov/2022:09:36:08 +0000] "GET /api/v1/Books/getallBook HTTP/1.1" 400 40 "-" "PostmanRuntime/7.29.2"

info: ::1 - - [11/Nov/2022:09:36:09 +0000] "GET /api/v1/Books/getallBook HTTP/1.1" 400 40 "-" "PostmanRuntime/7.29.2"

info: ::1 - - [11/Nov/2022:09:36:10 +0000] "GET /api/v1/Books/getallBook HTTP/1.1" 400 40 "-" "PostmanRuntime/7.29.2"

info: ::1 - - [11/Nov/2022:09:36:23 +0000] "POST /api/v1/users/signUp HTTP/1.1" 400 58 "-" "PostmanRuntime/7.29.2"

info: ::1 - - [11/Nov/2022:09:36:32 +0000] "POST /api/v1/users/signIn HTTP/1.1" 200 289 "-" "PostmanRuntime/7.29.2"

info: ::1 - - [11/Nov/2022:09:37:37 +0000] "POST /api/v1/carts/6215888305253301a4fda5cd%0A HTTP/1.1" 400 150 "-" "PostmanRuntime/7.29.2"

info: ::1 - - [11/Nov/2022:09:37:39 +0000] "POST /api/v1/carts/6215888305253301a4fda5cd%0A HTTP/1.1" 400 150 "-" "PostmanRuntime/7.29.2"

info: ::1 - - [11/Nov/2022:09:37:50 +0000] "POST /api/v1/carts/6215888305253301a4fda5cd HTTP/1.1" 400 144 "-" "PostmanRuntime/7.29.2"

info: ::1 - - [11/Nov/2022:09:37:52 +0000] "POST /api/v1/carts/6215888305253301a4fda5cd HTTP/1.1" 400 144 "-" "PostmanRuntime/7.29.2"

info: ::1 - - [11/Nov/2022:09:37:54 +0000] "POST /api/v1/carts/6215888305253301a4fda5cd HTTP/1.1" 400 144 "-" "PostmanRuntime/7.29.2"

info: ::1 - - [11/Nov/2022:09:38:53 +0000] "POST /api/v1/carts/6215888305253301a4fda5cd HTTP/1.1" 400 59 "-" "PostmanRuntime/7.29.2"

info: ::1 - - [11/Nov/2022:09:39:29 +0000] "POST /api/v1/carts/6215888305253301a4fda5cd HTTP/1.1" 400 144 "-" "PostmanRuntime/7.29.2"

info: ::1 - - [11/Nov/2022:09:46:14 +0000] "POST /api/v1/users/signUp HTTP/1.1" 500 59 "-" "PostmanRuntime/7.29.2"

info: ::1 - - [11/Nov/2022:09:46:23 +0000] "POST /api/v1/users/signUp HTTP/1.1" 500 59 "-" "PostmanRuntime/7.29.2"

info: ::1 - - [11/Nov/2022:09:46:29 +0000] "POST /api/v1/users/signUp HTTP/1.1" 201 354 "-" "PostmanRuntime/7.29.2"

info: ::1 - - [11/Nov/2022:09:47:49 +0000] "POST /api/v1/users/signIn HTTP/1.1" 200 288 "-" "PostmanRuntime/7.29.2"

info: ::1 - - [11/Nov/2022:09:48:58 +0000] "POST /api/v1/carts/6214803b05253301a4fda584 HTTP/1.1" 200 1029 "-" "PostmanRuntime/7.29.2"

info: ::1 - - [11/Nov/2022:09:49:08 +0000] "POST /api/v1/carts/6214803b05253301a4fda584 HTTP/1.1" 400 144 "-" "PostmanRuntime/7.29.2"

info: ::1 - - [11/Nov/2022:09:54:42 +0000] "POST /api/v1/users/signIn HTTP/1.1" 200 288 "-" "PostmanRuntime/7.29.2"

info: ::1 - - [11/Nov/2022:09:56:05 +0000] "POST /api/v1/users/signIn HTTP/1.1" 200 288 "-" "PostmanRuntime/7.29.2"

info: ::1 - - [11/Nov/2022:09:57:33 +0000] "POST /api/v1/users/signIn HTTP/1.1" 200 288 "-" "PostmanRuntime/7.29.2"

info: ::1 - - [11/Nov/2022:09:59:15 +0000] "POST /api/v1/wishLists/6215892405253301a4fda5d2 HTTP/1.1" 400 40 "-" "PostmanRuntime/7.29.2"

info: ::1 - - [11/Nov/2022:09:59:16 +0000] "POST /api/v1/wishLists/6215892405253301a4fda5d2 HTTP/1.1" 400 40 "-" "PostmanRuntime/7.29.2"

info: ::1 - - [11/Nov/2022:09:59:18 +0000] "POST /api/v1/wishLists/6215892405253301a4fda5d2 HTTP/1.1" 400 40 "-" "PostmanRuntime/7.29.2"

info: ::1 - - [11/Nov/2022:09:59:19 +0000] "POST /api/v1/wishLists/6215892405253301a4fda5d2 HTTP/1.1" 400 40 "-" "PostmanRuntime/7.29.2"

info: ::1 - - [11/Nov/2022:09:59:21 +0000] "POST /api/v1/wishLists/6215892405253301a4fda5d2 HTTP/1.1" 400 40 "-" "PostmanRuntime/7.29.2"

info: ::1 - - [11/Nov/2022:09:59:43 +0000] "POST /api/v1/wishLists/6215892405253301a4fda5d2 HTTP/1.1" 400 40 "-" "PostmanRuntime/7.29.2"

info: ::1 - - [11/Nov/2022:09:59:44 +0000] "POST /api/v1/wishLists/6215892405253301a4fda5d2 HTTP/1.1" 400 40 "-" "PostmanRuntime/7.29.2"

info: ::1 - - [11/Nov/2022:10:00:16 +0000] "POST /api/v1/wishLists/6215178d05253301a4fda5c4 HTTP/1.1" 400 40 "-" "PostmanRuntime/7.29.2"

info: ::1 - - [11/Nov/2022:10:00:17 +0000] "POST /api/v1/wishLists/6215178d05253301a4fda5c4 HTTP/1.1" 400 40 "-" "PostmanRuntime/7.29.2"

info: ::1 - - [11/Nov/2022:10:00:18 +0000] "POST /api/v1/wishLists/6215178d05253301a4fda5c4 HTTP/1.1" 400 40 "-" "PostmanRuntime/7.29.2"

info: ::1 - - [11/Nov/2022:10:00:18 +0000] "POST /api/v1/wishLists/6215178d05253301a4fda5c4 HTTP/1.1" 400 40 "-" "PostmanRuntime/7.29.2"

info: ::1 - - [11/Nov/2022:10:00:19 +0000] "POST /api/v1/wishLists/6215178d05253301a4fda5c4 HTTP/1.1" 400 40 "-" "PostmanRuntime/7.29.2"

info: ::1 - - [11/Nov/2022:10:00:20 +0000] "POST /api/v1/wishLists/6215178d05253301a4fda5c4 HTTP/1.1" 400 40 "-" "PostmanRuntime/7.29.2"

info: ::1 - - [11/Nov/2022:10:00:57 +0000] "POST /api/v1/users/signIn HTTP/1.1" 200 288 "-" "PostmanRuntime/7.29.2"

info: ::1 - - [11/Nov/2022:10:01:22 +0000] "GET /api/v1/wishLists/getAllwishList HTTP/1.1" 200 449 "-" "PostmanRuntime/7.29.2"

info: ::1 - - [11/Nov/2022:10:01:53 +0000] "POST /api/v1/wishLists/621588af05253301a4fda5ce HTTP/1.1" 400 40 "-" "PostmanRuntime/7.29.2"

info: ::1 - - [11/Nov/2022:10:02:41 +0000] "POST /api/v1/carts/621588af05253301a4fda5ce HTTP/1.1" 400 40 "-" "PostmanRuntime/7.29.2"

info: ::1 - - [11/Nov/2022:10:02:50 +0000] "POST /api/v1/carts/621588af05253301a4fda5ce HTTP/1.1" 400 40 "-" "PostmanRuntime/7.29.2"

info: ::1 - - [11/Nov/2022:10:02:51 +0000] "POST /api/v1/carts/621588af05253301a4fda5ce HTTP/1.1" 400 40 "-" "PostmanRuntime/7.29.2"

info: ::1 - - [11/Nov/2022:10:02:52 +0000] "POST /api/v1/carts/621588af05253301a4fda5ce HTTP/1.1" 400 40 "-" "PostmanRuntime/7.29.2"

info: ::1 - - [11/Nov/2022:10:02:53 +0000] "POST /api/v1/carts/621588af05253301a4fda5ce HTTP/1.1" 400 40 "-" "PostmanRuntime/7.29.2"

info: ::1 - - [11/Nov/2022:10:02:53 +0000] "POST /api/v1/carts/621588af05253301a4fda5ce HTTP/1.1" 400 40 "-" "PostmanRuntime/7.29.2"

info: ::1 - - [11/Nov/2022:10:02:54 +0000] "POST /api/v1/carts/621588af05253301a4fda5ce HTTP/1.1" 400 40 "-" "PostmanRuntime/7.29.2"

info: ::1 - - [11/Nov/2022:10:02:55 +0000] "POST /api/v1/carts/621588af05253301a4fda5ce HTTP/1.1" 400 40 "-" "PostmanRuntime/7.29.2"

info: ::1 - - [11/Nov/2022:17:33:40 +0000] "POST /api/v1/carts/621588af05253301a4fda5ce HTTP/1.1" 400 40 "-" "PostmanRuntime/7.29.2"

info: ::1 - - [11/Nov/2022:17:34:16 +0000] "POST /api/v1/carts/621588af05253301a4fda5ce HTTP/1.1" 400 40 "-" "PostmanRuntime/7.29.2"

info: ::1 - - [11/Nov/2022:17:34:21 +0000] "POST /api/v1/carts/621588af05253301a4fda5ce HTTP/1.1" 400 40 "-" "PostmanRuntime/7.29.2"

info: ::1 - - [11/Nov/2022:17:34:49 +0000] "GET /api/v1/carts/getAllCart HTTP/1.1" 200 1031 "-" "PostmanRuntime/7.29.2"

info: ::1 - - [11/Nov/2022:17:39:06 +0000] "POST /api/v1/users/signIn HTTP/1.1" 400 54 "-" "PostmanRuntime/7.29.2"

info: ::1 - - [11/Nov/2022:17:40:07 +0000] "POST /api/v1/users/signIn HTTP/1.1" 400 53 "-" "PostmanRuntime/7.29.2"

info: ::1 - - [11/Nov/2022:17:40:22 +0000] "POST /api/v1/users/signIn HTTP/1.1" 200 288 "-" "PostmanRuntime/7.29.2"

info: ::1 - - [11/Nov/2022:17:41:20 +0000] "POST /api/v1/carts/6214803b05253301a4fda584 HTTP/1.1" 200 1029 "-" "PostmanRuntime/7.29.2"

info: ::1 - - [11/Nov/2022:17:41:26 +0000] "POST /api/v1/carts/6214803b05253301a4fda584 HTTP/1.1" 400 144 "-" "PostmanRuntime/7.29.2"

info: ::1 - - [11/Nov/2022:17:45:16 +0000] "POST /api/v1/carts/6214803b05253301a4fda584 HTTP/1.1" 400 144 "-" "PostmanRuntime/7.29.2"

info: ::1 - - [11/Nov/2022:17:46:25 +0000] "POST /api/v1/carts/6214803b05253301a4fda584 HTTP/1.1" 400 144 "-" "PostmanRuntime/7.29.2"

info: ::1 - - [11/Nov/2022:17:47:26 +0000] "POST /api/v1/carts/6214803b05253301a4fda584 HTTP/1.1" 400 144 "-" "PostmanRuntime/7.29.2"

info: ::1 - - [11/Nov/2022:17:48:04 +0000] "POST /api/v1/carts/6214803b05253301a4fda584 HTTP/1.1" 400 144 "-" "PostmanRuntime/7.29.2"

info: ::1 - - [11/Nov/2022:17:48:06 +0000] "POST /api/v1/carts/6214803b05253301a4fda584 HTTP/1.1" 400 144 "-" "PostmanRuntime/7.29.2"

info: ::1 - - [11/Nov/2022:17:50:36 +0000] "POST /api/v1/users/signIn HTTP/1.1" 200 288 "-" "PostmanRuntime/7.29.2"

info: ::1 - - [11/Nov/2022:17:51:12 +0000] "POST /api/v1/carts/6215892405253301a4fda5d2 HTTP/1.1" 400 40 "-" "PostmanRuntime/7.29.2"

info: ::1 - - [11/Nov/2022:17:51:13 +0000] "POST /api/v1/carts/6215892405253301a4fda5d2 HTTP/1.1" 400 40 "-" "PostmanRuntime/7.29.2"

info: ::1 - - [11/Nov/2022:17:51:15 +0000] "POST /api/v1/carts/6215892405253301a4fda5d2 HTTP/1.1" 400 40 "-" "PostmanRuntime/7.29.2"

info: ::1 - - [11/Nov/2022:17:51:48 +0000] "POST /api/v1/carts/6215178d05253301a4fda5c4 HTTP/1.1" 400 40 "-" "PostmanRuntime/7.29.2"

info: ::1 - - [11/Nov/2022:17:51:50 +0000] "POST /api/v1/carts/6215178d05253301a4fda5c4 HTTP/1.1" 400 40 "-" "PostmanRuntime/7.29.2"

info: ::1 - - [11/Nov/2022:17:51:51 +0000] "POST /api/v1/carts/6215178d05253301a4fda5c4 HTTP/1.1" 400 40 "-" "PostmanRuntime/7.29.2"

info: ::1 - - [11/Nov/2022:17:51:52 +0000] "POST /api/v1/carts/6215178d05253301a4fda5c4 HTTP/1.1" 400 40 "-" "PostmanRuntime/7.29.2"

info: ::1 - - [11/Nov/2022:17:51:53 +0000] "POST /api/v1/carts/6215178d05253301a4fda5c4 HTTP/1.1" 400 40 "-" "PostmanRuntime/7.29.2"

info: ::1 - - [11/Nov/2022:17:51:56 +0000] "POST /api/v1/carts/6215178d05253301a4fda5c4 HTTP/1.1" 400 40 "-" "PostmanRuntime/7.29.2"

info: ::1 - - [11/Nov/2022:17:51:57 +0000] "POST /api/v1/carts/6215178d05253301a4fda5c4 HTTP/1.1" 400 40 "-" "PostmanRuntime/7.29.2"

info: ::1 - - [11/Nov/2022:17:51:58 +0000] "POST /api/v1/carts/6215178d05253301a4fda5c4 HTTP/1.1" 400 40 "-" "PostmanRuntime/7.29.2"

info: ::1 - - [11/Nov/2022:17:51:58 +0000] "POST /api/v1/carts/6215178d05253301a4fda5c4 HTTP/1.1" 400 40 "-" "PostmanRuntime/7.29.2"

info: ::1 - - [11/Nov/2022:17:51:59 +0000] "POST /api/v1/carts/6215178d05253301a4fda5c4 HTTP/1.1" 400 40 "-" "PostmanRuntime/7.29.2"

info: ::1 - - [11/Nov/2022:17:52:01 +0000] "POST /api/v1/carts/6215178d05253301a4fda5c4 HTTP/1.1" 400 40 "-" "PostmanRuntime/7.29.2"

info: ::1 - - [11/Nov/2022:17:52:02 +0000] "POST /api/v1/carts/6215178d05253301a4fda5c4 HTTP/1.1" 400 40 "-" "PostmanRuntime/7.29.2"

info: ::1 - - [11/Nov/2022:17:52:03 +0000] "POST /api/v1/carts/6215178d05253301a4fda5c4 HTTP/1.1" 400 40 "-" "PostmanRuntime/7.29.2"

info: ::1 - - [11/Nov/2022:17:52:04 +0000] "POST /api/v1/carts/6215178d05253301a4fda5c4 HTTP/1.1" 400 40 "-" "PostmanRuntime/7.29.2"

info: ::1 - - [11/Nov/2022:17:57:54 +0000] "POST /api/v1/users/signIn HTTP/1.1" 200 288 "-" "PostmanRuntime/7.29.2"

info: ::1 - - [11/Nov/2022:17:58:06 +0000] "POST /api/v1/carts/6215892405253301a4fda5d2 HTTP/1.1" 400 40 "-" "PostmanRuntime/7.29.2"

info: ::1 - - [11/Nov/2022:17:58:30 +0000] "POST /api/v1/carts/6215892405253301a4fda5d2 HTTP/1.1" 400 40 "-" "PostmanRuntime/7.29.2"

info: ::1 - - [11/Nov/2022:17:58:31 +0000] "POST /api/v1/carts/6215892405253301a4fda5d2 HTTP/1.1" 400 40 "-" "PostmanRuntime/7.29.2"

info: ::1 - - [11/Nov/2022:18:02:37 +0000] "POST /api/v1/users/signIn HTTP/1.1" 200 332 "-" "PostmanRuntime/7.29.2"

info: ::1 - - [11/Nov/2022:18:02:41 +0000] "POST /api/v1/users/signIn HTTP/1.1" 200 332 "-" "PostmanRuntime/7.29.2"

info: ::1 - - [11/Nov/2022:18:03:01 +0000] "POST /api/v1/carts/6215892405253301a4fda5d2 HTTP/1.1" 400 144 "-" "PostmanRuntime/7.29.2"

info: ::1 - - [11/Nov/2022:18:03:47 +0000] "POST /api/v1/users/signIn HTTP/1.1" 200 332 "-" "PostmanRuntime/7.29.2"

info: ::1 - - [11/Nov/2022:18:04:02 +0000] "POST /api/v1/carts/6215892405253301a4fda5d2 HTTP/1.1" 200 341 "-" "PostmanRuntime/7.29.2"

info: ::1 - - [11/Nov/2022:18:04:04 +0000] "POST /api/v1/carts/6215892405253301a4fda5d2 HTTP/1.1" 400 161 "-" "PostmanRuntime/7.29.2"

info: ::1 - - [11/Nov/2022:18:04:06 +0000] "POST /api/v1/carts/6215892405253301a4fda5d2 HTTP/1.1" 400 161 "-" "PostmanRuntime/7.29.2"

info: ::1 - - [11/Nov/2022:18:04:25 +0000] "POST /api/v1/carts/6215892405253301a4fda5d2 HTTP/1.1" 400 161 "-" "PostmanRuntime/7.29.2"

info: ::1 - - [11/Nov/2022:18:04:27 +0000] "POST /api/v1/carts/6215892405253301a4fda5d2 HTTP/1.1" 400 161 "-" "PostmanRuntime/7.29.2"

info: ::1 - - [11/Nov/2022:18:04:29 +0000] "POST /api/v1/carts/6215892405253301a4fda5d2 HTTP/1.1" 400 161 "-" "PostmanRuntime/7.29.2"

info: ::1 - - [11/Nov/2022:18:04:30 +0000] "POST /api/v1/carts/6215892405253301a4fda5d2 HTTP/1.1" 400 161 "-" "PostmanRuntime/7.29.2"

info: ::1 - - [11/Nov/2022:18:05:38 +0000] "POST /api/v1/carts/621588af05253301a4fda5ce HTTP/1.1" 400 161 "-" "PostmanRuntime/7.29.2"

info: ::1 - - [11/Nov/2022:18:05:39 +0000] "POST /api/v1/carts/621588af05253301a4fda5ce HTTP/1.1" 400 161 "-" "PostmanRuntime/7.29.2"

info: ::1 - - [11/Nov/2022:18:06:23 +0000] "POST /api/v1/users/signIn HTTP/1.1" 200 332 "-" "PostmanRuntime/7.29.2"

info: ::1 - - [11/Nov/2022:18:06:58 +0000] "POST /api/v1/carts/621588d505253301a4fda5cf HTTP/1.1" 400 161 "-" "PostmanRuntime/7.29.2"

info: ::1 - - [11/Nov/2022:18:06:59 +0000] "POST /api/v1/carts/621588d505253301a4fda5cf HTTP/1.1" 400 161 "-" "PostmanRuntime/7.29.2"

info: ::1 - - [11/Nov/2022:18:07:01 +0000] "POST /api/v1/carts/621588d505253301a4fda5cf HTTP/1.1" 400 161 "-" "PostmanRuntime/7.29.2"

info: ::1 - - [11/Nov/2022:18:07:16 +0000] "GET /api/v1/carts/getAllCart HTTP/1.1" 200 1304 "-" "PostmanRuntime/7.29.2"

info: ::1 - - [11/Nov/2022:18:08:07 +0000] "POST /api/v1/users/signIn HTTP/1.1" 200 332 "-" "PostmanRuntime/7.29.2"

info: ::1 - - [11/Nov/2022:18:08:36 +0000] "POST /api/v1/carts/6215178d05253301a4fda5c4 HTTP/1.1" 200 384 "-" "PostmanRuntime/7.29.2"

info: ::1 - - [11/Nov/2022:18:08:38 +0000] "POST /api/v1/carts/6215178d05253301a4fda5c4 HTTP/1.1" 400 161 "-" "PostmanRuntime/7.29.2"

info: ::1 - - [11/Nov/2022:18:08:39 +0000] "POST /api/v1/carts/6215178d05253301a4fda5c4 HTTP/1.1" 400 161 "-" "PostmanRuntime/7.29.2"

info: ::1 - - [11/Nov/2022:18:11:31 +0000] "POST /api/v1/carts/6215178d05253301a4fda5c4 HTTP/1.1" 200 591 "-" "PostmanRuntime/7.29.2"

info: ::1 - - [11/Nov/2022:18:11:33 +0000] "POST /api/v1/carts/6215178d05253301a4fda5c4 HTTP/1.1" 200 798 "-" "PostmanRuntime/7.29.2"

info: ::1 - - [11/Nov/2022:18:11:34 +0000] "POST /api/v1/carts/6215178d05253301a4fda5c4 HTTP/1.1" 200 1005 "-" "PostmanRuntime/7.29.2"

info: ::1 - - [11/Nov/2022:18:11:36 +0000] "POST /api/v1/carts/6215178d05253301a4fda5c4 HTTP/1.1" 200 1212 "-" "PostmanRuntime/7.29.2"

info: ::1 - - [11/Nov/2022:18:11:37 +0000] "POST /api/v1/carts/6215178d05253301a4fda5c4 HTTP/1.1" 200 1419 "-" "PostmanRuntime/7.29.2"

info: ::1 - - [11/Nov/2022:18:11:39 +0000] "POST /api/v1/carts/6215178d05253301a4fda5c4 HTTP/1.1" 200 1626 "-" "PostmanRuntime/7.29.2"

info: ::1 - - [11/Nov/2022:18:11:42 +0000] "POST /api/v1/carts/6215178d05253301a4fda5c4 HTTP/1.1" 200 1833 "-" "PostmanRuntime/7.29.2"

info: ::1 - - [11/Nov/2022:18:15:44 +0000] "POST /api/v1/carts/62158a4505253301a4fda5de HTTP/1.1" 200 2005 "-" "PostmanRuntime/7.29.2"

info: ::1 - - [11/Nov/2022:18:16:12 +0000] "POST /api/v1/carts/62158a4505253301a4fda5de HTTP/1.1" 200 2177 "-" "PostmanRuntime/7.29.2"

