info: Server started at http://localhost:3000/api/v1/ {"timestamp":"2022-11-03T15:49:43.901Z"}
info: Connected to the database. {"timestamp":"2022-11-03T15:49:49.690Z"}
info: Connected to the database. {"timestamp":"2022-11-03T16:23:23.506Z"}
info: Connected to the database. {"timestamp":"2022-11-03T16:27:31.191Z"}
info: Connected to the database. {"timestamp":"2022-11-03T16:28:24.619Z"}
info: Connected to the database. {"timestamp":"2022-11-03T16:30:50.907Z"}
info: Connected to the database. {"timestamp":"2022-11-03T16:32:01.820Z"}
info: Server started at http://localhost:3001/api/v1/ {"timestamp":"2022-11-03T16:32:56.051Z"}
info: Connected to the database. {"timestamp":"2022-11-03T16:32:56.111Z"}
info: Server started at http://localhost:3001/api/v1/ {"timestamp":"2022-11-03T16:36:32.277Z"}
info: Connected to the database. {"timestamp":"2022-11-03T16:36:32.325Z"}
info: Server started at http://localhost:3001/api/v1/ {"timestamp":"2022-11-03T16:44:54.849Z"}
info: Connected to the database. {"timestamp":"2022-11-03T16:44:54.891Z"}
info: Server started at http://localhost:3001/api/v1/ {"timestamp":"2022-11-03T16:45:46.543Z"}
info: Connected to the database. {"timestamp":"2022-11-03T16:45:46.586Z"}
info: Server started at http://localhost:3001/api/v1/ {"timestamp":"2022-11-03T16:49:40.044Z"}
info: Connected to the database. {"timestamp":"2022-11-03T16:49:40.091Z"}
info: Server started at http://localhost:3001/api/v1/ {"timestamp":"2022-11-03T16:56:05.435Z"}
info: Connected to the database. {"timestamp":"2022-11-03T16:56:05.493Z"}
info: Server started at http://localhost:3001/api/v1/ {"timestamp":"2022-11-03T16:57:03.306Z"}
info: Connected to the database. {"timestamp":"2022-11-03T16:57:03.359Z"}
info: Server started at http://localhost:3001/api/v1/ {"timestamp":"2022-11-03T16:59:36.767Z"}
info: Connected to the database. {"timestamp":"2022-11-03T16:59:36.812Z"}
error: 
    status - 500 
    message - Error: "email" must be a valid email 
    url - /api/v1/users/register 
    method - POST 
    IP - ::1
   {"timestamp":"2022-11-03T17:00:47.984Z"}
info: Server started at http://localhost:3001/api/v1/ {"timestamp":"2022-11-03T17:03:22.337Z"}
info: Connected to the database. {"timestamp":"2022-11-03T17:03:22.379Z"}
info: Server started at http://localhost:3001/api/v1/ {"timestamp":"2022-11-03T17:10:44.111Z"}
info: Connected to the database. {"timestamp":"2022-11-03T17:10:44.164Z"}
info: Server started at http://localhost:3001/api/v1/ {"timestamp":"2022-11-03T17:17:22.367Z"}
info: Connected to the database. {"timestamp":"2022-11-03T17:17:22.413Z"}
error: 
    status - 500 
    message - SyntaxError: Unexpected token / in JSON at position 6
    at JSON.parse (<anonymous>)
    at parse (C:\Users\hp\BookStore\node_modules\body-parser\lib\types\json.js:89:19)
    at C:\Users\hp\BookStore\node_modules\body-parser\lib\read.js:128:18
    at AsyncResource.runInAsyncScope (async_hooks.js:197:9)
    at invokeCallback (C:\Users\hp\BookStore\node_modules\raw-body\index.js:231:16)
    at done (C:\Users\hp\BookStore\node_modules\raw-body\index.js:220:7)
    at IncomingMessage.onEnd (C:\Users\hp\BookStore\node_modules\raw-body\index.js:280:7)
    at IncomingMessage.emit (events.js:412:35)
    at IncomingMessage.emit (domain.js:470:12)
    at endReadableNT (internal/streams/readable.js:1317:12)
    at processTicksAndRejections (internal/process/task_queues.js:82:21) 
    url - /api/v1/users/reset 
    method - POST 
    IP - ::1
   {"timestamp":"2022-11-03T17:22:49.516Z"}
error: 
    status - 500 
    message - SyntaxError: Unexpected token / in JSON at position 6
    at JSON.parse (<anonymous>)
    at parse (C:\Users\hp\BookStore\node_modules\body-parser\lib\types\json.js:89:19)
    at C:\Users\hp\BookStore\node_modules\body-parser\lib\read.js:128:18
    at AsyncResource.runInAsyncScope (async_hooks.js:197:9)
    at invokeCallback (C:\Users\hp\BookStore\node_modules\raw-body\index.js:231:16)
    at done (C:\Users\hp\BookStore\node_modules\raw-body\index.js:220:7)
    at IncomingMessage.onEnd (C:\Users\hp\BookStore\node_modules\raw-body\index.js:280:7)
    at IncomingMessage.emit (events.js:412:35)
    at IncomingMessage.emit (domain.js:470:12)
    at endReadableNT (internal/streams/readable.js:1317:12)
    at processTicksAndRejections (internal/process/task_queues.js:82:21) 
    url - /api/v1/users/reset 
    method - POST 
    IP - ::1
   {"timestamp":"2022-11-03T17:22:51.979Z"}
error: 
    status - 500 
    message - Error: "email" must be a valid email 
    url - /api/v1/users/register 
    method - POST 
    IP - ::1
   {"timestamp":"2022-11-03T17:24:32.178Z"}
error: 
    status - 500 
    message - SyntaxError: Unexpected token / in JSON at position 10
    at JSON.parse (<anonymous>)
    at parse (C:\Users\hp\BookStore\node_modules\body-parser\lib\types\json.js:89:19)
    at C:\Users\hp\BookStore\node_modules\body-parser\lib\read.js:128:18
    at AsyncResource.runInAsyncScope (async_hooks.js:197:9)
    at invokeCallback (C:\Users\hp\BookStore\node_modules\raw-body\index.js:231:16)
    at done (C:\Users\hp\BookStore\node_modules\raw-body\index.js:220:7)
    at IncomingMessage.onEnd (C:\Users\hp\BookStore\node_modules\raw-body\index.js:280:7)
    at IncomingMessage.emit (events.js:412:35)
    at IncomingMessage.emit (domain.js:470:12)
    at endReadableNT (internal/streams/readable.js:1317:12)
    at processTicksAndRejections (internal/process/task_queues.js:82:21) 
    url - /api/v1/users/login 
    method - POST 
    IP - ::1
   {"timestamp":"2022-11-03T17:25:14.555Z"}
