info: Server started at http://localhost:3001/api/v1/ {"timestamp":"2022-11-07T03:22:51.839Z"}
info: Connected to the database. {"timestamp":"2022-11-07T03:22:52.081Z"}
error: 
    status - 500 
    message - SyntaxError: Unexpected token } in JSON at position 89
    at JSON.parse (<anonymous>)
    at parse (C:\Users\hp\BookStore\node_modules\body-parser\lib\types\json.js:89:19)
    at C:\Users\hp\BookStore\node_modules\body-parser\lib\read.js:128:18
    at AsyncResource.runInAsyncScope (async_hooks.js:197:9)
    at invokeCallback (C:\Users\hp\BookStore\node_modules\raw-body\index.js:231:16)
    at done (C:\Users\hp\BookStore\node_modules\raw-body\index.js:220:7)
    at IncomingMessage.onEnd (C:\Users\hp\BookStore\node_modules\raw-body\index.js:280:7)
    at IncomingMessage.emit (events.js:412:35)
    at IncomingMessage.emit (domain.js:470:12)
    at endReadableNT (internal/streams/readable.js:1317:12)
    at processTicksAndRejections (internal/process/task_queues.js:82:21) 
    url - /api/v1/users/login 
    method - POST 
    IP - ::1
   {"timestamp":"2022-11-07T03:28:50.778Z"}
info: Server started at http://localhost:3001/api/v1/ {"timestamp":"2022-11-07T03:32:18.464Z"}
info: Connected to the database. {"timestamp":"2022-11-07T03:32:18.527Z"}
info: Server started at http://localhost:3001/api/v1/ {"timestamp":"2022-11-07T03:49:54.543Z"}
info: Connected to the database. {"timestamp":"2022-11-07T03:49:54.718Z"}
info: Server started at http://localhost:3001/api/v1/ {"timestamp":"2022-11-07T03:52:47.417Z"}
info: Connected to the database. {"timestamp":"2022-11-07T03:52:47.660Z"}
info: Server started at http://localhost:3001/api/v1/ {"timestamp":"2022-11-07T03:54:23.773Z"}
info: Connected to the database. {"timestamp":"2022-11-07T03:54:23.996Z"}
info: Server started at http://localhost:3001/api/v1/ {"timestamp":"2022-11-07T03:57:38.120Z"}
info: Connected to the database. {"timestamp":"2022-11-07T03:57:38.453Z"}
info: Server started at http://localhost:3001/api/v1/ {"timestamp":"2022-11-07T03:58:42.461Z"}
info: Connected to the database. {"timestamp":"2022-11-07T03:58:42.642Z"}
info: Server started at http://localhost:3001/api/v1/ {"timestamp":"2022-11-07T12:53:32.411Z"}
info: Connected to the database. {"timestamp":"2022-11-07T12:53:33.005Z"}
info: Server started at http://localhost:3001/api/v1/ {"timestamp":"2022-11-07T12:57:39.181Z"}
info: Connected to the database. {"timestamp":"2022-11-07T12:57:39.266Z"}
info: Server started at http://localhost:3001/api/v1/ {"timestamp":"2022-11-07T12:59:11.612Z"}
info: Connected to the database. {"timestamp":"2022-11-07T12:59:11.659Z"}
info: Server started at http://localhost:3001/api/v1/ {"timestamp":"2022-11-07T13:07:40.604Z"}
info: Connected to the database. {"timestamp":"2022-11-07T13:07:40.659Z"}
info: Server started at http://localhost:3001/api/v1/ {"timestamp":"2022-11-07T13:21:13.106Z"}
info: Connected to the database. {"timestamp":"2022-11-07T13:21:13.151Z"}
info: Server started at http://localhost:3001/api/v1/ {"timestamp":"2022-11-07T13:22:33.122Z"}
info: Connected to the database. {"timestamp":"2022-11-07T13:22:33.225Z"}
info: Server started at http://localhost:3001/api/v1/ {"timestamp":"2022-11-07T13:23:16.107Z"}
info: Connected to the database. {"timestamp":"2022-11-07T13:23:16.169Z"}
info: Server started at http://localhost:3001/api/v1/ {"timestamp":"2022-11-07T13:25:01.651Z"}
info: Connected to the database. {"timestamp":"2022-11-07T13:25:01.693Z"}
info: Server started at http://localhost:3001/api/v1/ {"timestamp":"2022-11-07T13:26:13.999Z"}
info: Connected to the database. {"timestamp":"2022-11-07T13:26:14.043Z"}
info: Server started at http://localhost:3001/api/v1/ {"timestamp":"2022-11-07T13:27:44.237Z"}
info: Connected to the database. {"timestamp":"2022-11-07T13:27:44.300Z"}
